Copyright 1986-2022 Xilinx, Inc. All Rights Reserved. Copyright 2022-2025 Advanced Micro Devices, Inc. All Rights Reserved.
----------------------------------------------------------------------------------------------------------------------------------------------------
| Tool Version     : Vivado v.2025.1 (lin64) Build 6140274 Wed May 21 22:58:25 MDT 2025
| Date             : Wed Aug  6 00:24:50 2025
| Host             : ck-MS-7E62 running 64-bit Ubuntu 25.04
| Command          : report_power -file top_module_power_routed.rpt -pb top_module_power_summary_routed.pb -rpx top_module_power_routed.rpx
| Design           : top_module
| Device           : xc7a100tcsg324-1
| Design State     : routed
| Grade            : commercial
| Process          : typical
| Characterization : Production
----------------------------------------------------------------------------------------------------------------------------------------------------

Power Report

Table of Contents
-----------------
1. Summary
1.1 On-Chip Components
1.2 Power Supply Summary
1.3 Confidence Level
2. Settings
2.1 Environment
2.2 Clock Constraints
3. Detailed Reports
3.1 By Hierarchy

1. Summary
----------

+--------------------------+--------------+
| Total On-Chip Power (W)  | 1.185        |
| Design Power Budget (W)  | Unspecified* |
| Power Budget Margin (W)  | NA           |
| Dynamic (W)              | 1.076        |
| Device Static (W)        | 0.110        |
| Effective TJA (C/W)      | 4.6          |
| Max Ambient (C)          | 79.6         |
| Junction Temperature (C) | 30.4         |
| Confidence Level         | Low          |
| Setting File             | ---          |
| Simulation Activity File | ---          |
| Design Nets Matched      | NA           |
+--------------------------+--------------+
* Specify Design Power Budget using, set_operating_conditions -design_power_budget <value in Watts>


1.1 On-Chip Components
----------------------

+--------------------------+-----------+----------+-----------+-----------------+
| On-Chip                  | Power (W) | Used     | Available | Utilization (%) |
+--------------------------+-----------+----------+-----------+-----------------+
| Clocks                   |     0.050 |       27 |       --- |             --- |
| Slice Logic              |     0.020 |    18405 |       --- |             --- |
|   LUT as Logic           |     0.017 |     6914 |     63400 |           10.91 |
|   Register               |    <0.001 |     7185 |    126800 |            5.67 |
|   LUT as Distributed RAM |    <0.001 |      436 |     19000 |            2.29 |
|   CARRY4                 |    <0.001 |      286 |     15850 |            1.80 |
|   F7/F8 Muxes            |    <0.001 |       52 |     63400 |            0.08 |
|   LUT as Shift Register  |    <0.001 |      174 |     19000 |            0.92 |
|   Others                 |     0.000 |     1290 |       --- |             --- |
| Signals                  |     0.025 |    13210 |       --- |             --- |
| Block RAM                |     0.001 |     32.5 |       135 |           24.07 |
| MMCM                     |     0.215 |        2 |         6 |           33.33 |
| PLL                      |     0.110 |        1 |         6 |           16.67 |
| DSPs                     |     0.004 |        5 |       240 |            2.08 |
| I/O                      |     0.544 |       97 |       210 |           46.19 |
| PHASER                   |     0.106 |       14 |       --- |             --- |
| XADC                     |     0.002 |        1 |       --- |             --- |
| Static Power             |     0.110 |          |           |                 |
| Total                    |     1.185 |          |           |                 |
+--------------------------+-----------+----------+-----------+-----------------+


1.2 Power Supply Summary
------------------------

+-----------+-------------+-----------+-------------+------------+-------------+-------------+------------+
| Source    | Voltage (V) | Total (A) | Dynamic (A) | Static (A) | Powerup (A) | Budget (A)  | Margin (A) |
+-----------+-------------+-----------+-------------+------------+-------------+-------------+------------+
| Vccint    |       1.000 |     0.157 |       0.138 |      0.019 |       NA    | Unspecified | NA         |
| Vccaux    |       1.800 |     0.295 |       0.277 |      0.018 |       NA    | Unspecified | NA         |
| Vcco33    |       3.300 |     0.005 |       0.001 |      0.004 |       NA    | Unspecified | NA         |
| Vcco25    |       2.500 |     0.000 |       0.000 |      0.000 |       NA    | Unspecified | NA         |
| Vcco18    |       1.800 |     0.245 |       0.241 |      0.004 |       NA    | Unspecified | NA         |
| Vcco15    |       1.500 |     0.000 |       0.000 |      0.000 |       NA    | Unspecified | NA         |
| Vcco135   |       1.350 |     0.000 |       0.000 |      0.000 |       NA    | Unspecified | NA         |
| Vcco12    |       1.200 |     0.000 |       0.000 |      0.000 |       NA    | Unspecified | NA         |
| Vccaux_io |       1.800 |     0.000 |       0.000 |      0.000 |       NA    | Unspecified | NA         |
| Vccbram   |       1.000 |     0.001 |       0.000 |      0.001 |       NA    | Unspecified | NA         |
| MGTAVcc   |       1.000 |     0.000 |       0.000 |      0.000 |       NA    | Unspecified | NA         |
| MGTAVtt   |       1.200 |     0.000 |       0.000 |      0.000 |       NA    | Unspecified | NA         |
| Vccadc    |       1.800 |     0.021 |       0.001 |      0.020 |       NA    | Unspecified | NA         |
+-----------+-------------+-----------+-------------+------------+-------------+-------------+------------+


1.3 Confidence Level
--------------------

+-----------------------------+------------+--------------------------------------------------------+------------------------------------------------------------------------------------------------------------+
| User Input Data             | Confidence | Details                                                | Action                                                                                                     |
+-----------------------------+------------+--------------------------------------------------------+------------------------------------------------------------------------------------------------------------+
| Design implementation state | High       | Design is routed                                       |                                                                                                            |
| Clock nodes activity        | High       | User specified more than 95% of clocks                 |                                                                                                            |
| I/O nodes activity          | Low        | More than 75% of inputs are missing user specification | Provide missing input activity with simulation results or by editing the "By Resource Type -> I/Os" view   |
| Internal nodes activity     | Medium     | User specified less than 25% of internal nodes         | Provide missing internal nodes activity with simulation results or by editing the "By Resource Type" views |
| Device models               | High       | Device models are Production                           |                                                                                                            |
|                             |            |                                                        |                                                                                                            |
| Overall confidence level    | Low        |                                                        |                                                                                                            |
+-----------------------------+------------+--------------------------------------------------------+------------------------------------------------------------------------------------------------------------+


2. Settings
-----------

2.1 Environment
---------------

+-----------------------+--------------------------+
| Ambient Temp (C)      | 25.0                     |
| ThetaJA (C/W)         | 4.6                      |
| Airflow (LFM)         | 250                      |
| Heat Sink             | medium (Medium Profile)  |
| ThetaSA (C/W)         | 4.6                      |
| Board Selection       | medium (10"x10")         |
| # of Board Layers     | 12to15 (12 to 15 Layers) |
| Board Temperature (C) | 25.0                     |
+-----------------------+--------------------------+


2.2 Clock Constraints
---------------------

+-----------------------------------------------------------------------------------------------------------------------------------------------------------+-----------------------------------------------------------------------------------------------------------------------------------------------------------------------------------------------------------------+-----------------+
| Clock                                                                                                                                                     | Domain                                                                                                                                                                                                          | Constraint (ns) |
+-----------------------------------------------------------------------------------------------------------------------------------------------------------+-----------------------------------------------------------------------------------------------------------------------------------------------------------------------------------------------------------------+-----------------+
| clk_out1_microblaze_clk_wiz_1_0                                                                                                                           | microblaze/microblaze_i/clk_wiz_1/inst/clk_out1_microblaze_clk_wiz_1_0                                                                                                                                          |            10.0 |
| clk_pll_i                                                                                                                                                 | u_mig_7series_0_mig/u_mig_7series_0_mig/u_ddr2_infrastructure/clk_pll_i                                                                                                                                         |             6.7 |
| clkfbout_microblaze_clk_wiz_1_0                                                                                                                           | microblaze/microblaze_i/clk_wiz_1/inst/clkfbout_microblaze_clk_wiz_1_0                                                                                                                                          |            10.0 |
| freq_refclk                                                                                                                                               | u_mig_7series_0_mig/u_mig_7series_0_mig/u_ddr2_infrastructure/freq_refclk                                                                                                                                       |             1.7 |
| iserdes_clkdiv                                                                                                                                            | u_mig_7series_0_mig/u_mig_7series_0_mig/u_memc_ui_top_std/mem_intfc0/ddr_phy_top0/u_ddr_mc_phy_wrapper/u_ddr_mc_phy/ddr_phy_4lanes_0.u_ddr_phy_4lanes/ddr_byte_lane_A.ddr_byte_lane_A/iserdes_clkdiv            |            13.3 |
| iserdes_clkdiv_1                                                                                                                                          | u_mig_7series_0_mig/u_mig_7series_0_mig/u_memc_ui_top_std/mem_intfc0/ddr_phy_top0/u_ddr_mc_phy_wrapper/u_ddr_mc_phy/ddr_phy_4lanes_0.u_ddr_phy_4lanes/ddr_byte_lane_C.ddr_byte_lane_C/iserdes_clkdiv            |            13.3 |
| mem_refclk                                                                                                                                                | u_mig_7series_0_mig/u_mig_7series_0_mig/u_ddr2_infrastructure/mem_refclk                                                                                                                                        |             3.3 |
| microblaze/microblaze_i/mdm_1/U0/Use_E2.BSCAN_I/Use_E2.BSCANE2_I/DRCK                                                                                     | microblaze/microblaze_i/mdm_1/U0/Use_E2.BSCAN_I/DRCK                                                                                                                                                            |            33.3 |
| microblaze/microblaze_i/mdm_1/U0/Use_E2.BSCAN_I/Use_E2.BSCANE2_I/UPDATE                                                                                   | microblaze/microblaze_i/mdm_1/U0/Use_E2.BSCAN_I/Dbg_Update_0                                                                                                                                                    |            33.3 |
| oserdes_clk                                                                                                                                               | u_mig_7series_0_mig/u_mig_7series_0_mig/u_memc_ui_top_std/mem_intfc0/ddr_phy_top0/u_ddr_mc_phy_wrapper/u_ddr_mc_phy/ddr_phy_4lanes_0.u_ddr_phy_4lanes/ddr_byte_lane_A.ddr_byte_lane_A/oserdes_clk               |             3.3 |
| oserdes_clk_1                                                                                                                                             | u_mig_7series_0_mig/u_mig_7series_0_mig/u_memc_ui_top_std/mem_intfc0/ddr_phy_top0/u_ddr_mc_phy_wrapper/u_ddr_mc_phy/ddr_phy_4lanes_0.u_ddr_phy_4lanes/ddr_byte_lane_B.ddr_byte_lane_B/oserdes_clk               |             3.3 |
| oserdes_clk_2                                                                                                                                             | u_mig_7series_0_mig/u_mig_7series_0_mig/u_memc_ui_top_std/mem_intfc0/ddr_phy_top0/u_ddr_mc_phy_wrapper/u_ddr_mc_phy/ddr_phy_4lanes_0.u_ddr_phy_4lanes/ddr_byte_lane_C.ddr_byte_lane_C/oserdes_clk               |             3.3 |
| oserdes_clk_3                                                                                                                                             | u_mig_7series_0_mig/u_mig_7series_0_mig/u_memc_ui_top_std/mem_intfc0/ddr_phy_top0/u_ddr_mc_phy_wrapper/u_ddr_mc_phy/ddr_phy_4lanes_0.u_ddr_phy_4lanes/ddr_byte_lane_D.ddr_byte_lane_D/oserdes_clk               |             3.3 |
| oserdes_clkdiv                                                                                                                                            | u_mig_7series_0_mig/u_mig_7series_0_mig/u_memc_ui_top_std/mem_intfc0/ddr_phy_top0/u_ddr_mc_phy_wrapper/u_ddr_mc_phy/ddr_phy_4lanes_0.u_ddr_phy_4lanes/ddr_byte_lane_A.ddr_byte_lane_A/oserdes_clkdiv            |             6.7 |
| oserdes_clkdiv_1                                                                                                                                          | u_mig_7series_0_mig/u_mig_7series_0_mig/u_memc_ui_top_std/mem_intfc0/ddr_phy_top0/u_ddr_mc_phy_wrapper/u_ddr_mc_phy/ddr_phy_4lanes_0.u_ddr_phy_4lanes/ddr_byte_lane_B.ddr_byte_lane_B/oserdes_clkdiv            |             6.7 |
| oserdes_clkdiv_2                                                                                                                                          | u_mig_7series_0_mig/u_mig_7series_0_mig/u_memc_ui_top_std/mem_intfc0/ddr_phy_top0/u_ddr_mc_phy_wrapper/u_ddr_mc_phy/ddr_phy_4lanes_0.u_ddr_phy_4lanes/ddr_byte_lane_C.ddr_byte_lane_C/oserdes_clkdiv            |             6.7 |
| oserdes_clkdiv_3                                                                                                                                          | u_mig_7series_0_mig/u_mig_7series_0_mig/u_memc_ui_top_std/mem_intfc0/ddr_phy_top0/u_ddr_mc_phy_wrapper/u_ddr_mc_phy/ddr_phy_4lanes_0.u_ddr_phy_4lanes/ddr_byte_lane_D.ddr_byte_lane_D/oserdes_clkdiv            |             6.7 |
| pll_clk3_out                                                                                                                                              | u_mig_7series_0_mig/u_mig_7series_0_mig/u_ddr2_infrastructure/pll_clk3_out                                                                                                                                      |             6.7 |
| pll_clkfbout                                                                                                                                              | u_mig_7series_0_mig/u_mig_7series_0_mig/u_ddr2_infrastructure/pll_clkfbout                                                                                                                                      |            10.0 |
| sync_pulse                                                                                                                                                | u_mig_7series_0_mig/u_mig_7series_0_mig/u_ddr2_infrastructure/sync_pulse                                                                                                                                        |            53.3 |
| sys_clk_pin                                                                                                                                               | SYSCLK                                                                                                                                                                                                          |            10.0 |
| sys_clk_pin                                                                                                                                               | SYSCLK_IBUF_BUFG                                                                                                                                                                                                |            10.0 |
| u_memc_ui_top_std/mem_intfc0/ddr_phy_top0/u_ddr_mc_phy_wrapper/u_ddr_mc_phy/ddr_phy_4lanes_0.u_ddr_phy_4lanes/ddr_byte_lane_A.ddr_byte_lane_A/iserdes_clk | u_mig_7series_0_mig/u_mig_7series_0_mig/u_memc_ui_top_std/mem_intfc0/ddr_phy_top0/u_ddr_mc_phy_wrapper/u_ddr_mc_phy/ddr_phy_4lanes_0.u_ddr_phy_4lanes/ddr_byte_lane_A.ddr_byte_lane_A/phaser_in_gen.phaser_in_0 |             3.3 |
| u_memc_ui_top_std/mem_intfc0/ddr_phy_top0/u_ddr_mc_phy_wrapper/u_ddr_mc_phy/ddr_phy_4lanes_0.u_ddr_phy_4lanes/ddr_byte_lane_C.ddr_byte_lane_C/iserdes_clk | u_mig_7series_0_mig/u_mig_7series_0_mig/u_memc_ui_top_std/mem_intfc0/ddr_phy_top0/u_ddr_mc_phy_wrapper/u_ddr_mc_phy/ddr_phy_4lanes_0.u_ddr_phy_4lanes/ddr_byte_lane_C.ddr_byte_lane_C/phaser_in_gen.phaser_in_0 |             3.3 |
+-----------------------------------------------------------------------------------------------------------------------------------------------------------+-----------------------------------------------------------------------------------------------------------------------------------------------------------------------------------------------------------------+-----------------+


3. Detailed Reports
-------------------

3.1 By Hierarchy
----------------

+----------------------------------+-----------+
| Name                             | Power (W) |
+----------------------------------+-----------+
| top_module                       |     1.076 |
|   microblaze                     |     0.161 |
|     microblaze_i                 |     0.161 |
|       axi_iic_0                  |     0.002 |
|       axi_iic_1                  |     0.002 |
|       axi_quad_spi_0             |     0.006 |
|       axi_quad_spi_1             |     0.006 |
|       axi_timer_0                |     0.004 |
|       clk_wiz_1                  |     0.107 |
|       mdm_1                      |     0.001 |
|       microblaze_0               |     0.028 |
|       microblaze_0_axi_intc      |     0.001 |
|       microblaze_0_axi_periph    |     0.002 |
|   u_mig_7series_0_mig            |     0.905 |
|     u_mig_7series_0_mig          |     0.902 |
|       temp_mon_enabled.u_tempmon |     0.004 |
|       u_ddr2_infrastructure      |     0.219 |
|       u_memc_ui_top_std          |     0.679 |
|   uart_rx                        |     0.002 |
|     fifo                         |     0.002 |
+----------------------------------+-----------+


