Copyright 1986-2022 Xilinx, Inc. All Rights Reserved. Copyright 2022-2025 Advanced Micro Devices, Inc. All Rights Reserved.
--------------------------------------------------------------------------------------------------------------------------------------------------------------------
| Tool Version : Vivado v.2025.1 (lin64) Build 6140274 Wed May 21 22:58:25 MDT 2025
| Date         : Sun Jul 20 12:11:46 2025
| Host         : ck-MS-7E62 running 64-bit Ubuntu 25.04
| Command      : report_methodology -file top_module_methodology_drc_routed.rpt -pb top_module_methodology_drc_routed.pb -rpx top_module_methodology_drc_routed.rpx
| Design       : top_module
| Device       : xc7a100tcsg324-1
| Speed File   : -1
| Design State : Fully Routed
--------------------------------------------------------------------------------------------------------------------------------------------------------------------

Report Methodology

Table of Contents
-----------------
1. REPORT SUMMARY
2. REPORT DETAILS

1. REPORT SUMMARY
-----------------
            Netlist: netlist
          Floorplan: design_1
      Design limits: <entire design considered>
             Max checks: <unlimited>
             Checks found: 101
+-----------+------------------+----------------------------------------------------+--------+
| Rule      | Severity         | Description                                        | Checks |
+-----------+------------------+----------------------------------------------------+--------+
| TIMING-4  | Critical Warning | Invalid primary clock redefinition on a clock tree | 1      |
| TIMING-6  | Critical Warning | No common primary clock between related clocks     | 1      |
| TIMING-7  | Critical Warning | No common node between related clocks              | 1      |
| TIMING-17 | Critical Warning | Non-clocked sequential cell                        | 16     |
| TIMING-27 | Critical Warning | Invalid primary clock on hierarchical pin          | 1      |
| LUTAR-1   | Warning          | LUT drives async reset alert                       | 3      |
| TIMING-9  | Warning          | Unknown CDC Logic                                  | 1      |
| TIMING-10 | Warning          | Missing property on synchronizer                   | 1      |
| TIMING-16 | Warning          | Large setup violation                              | 46     |
| TIMING-18 | Warning          | Missing input or output delay                      | 30     |
+-----------+------------------+----------------------------------------------------+--------+

2. REPORT DETAILS
-----------------
TIMING-4#1 Critical Warning
Invalid primary clock redefinition on a clock tree  
Invalid clock redefinition on a clock tree. The primary clock microblaze/microblaze_i/clk_wiz_1/inst/clk_in1 is defined downstream of clock sys_clk_pin and overrides its insertion delay and/or waveform definition
Related violations: <none>

TIMING-6#1 Critical Warning
No common primary clock between related clocks  
The clocks clk_out1_microblaze_clk_wiz_1_2 and sys_clk_pin are related (timed together) but they have no common primary clock. The design could fail in hardware. To find a timing path between these clocks, run the following command: report_timing -from [get_clocks clk_out1_microblaze_clk_wiz_1_2] -to [get_clocks sys_clk_pin]
Related violations: <none>

TIMING-7#1 Critical Warning
No common node between related clocks  
The clocks clk_out1_microblaze_clk_wiz_1_2 and sys_clk_pin are related (timed together) but they have no common node. The design could fail in hardware. To find a timing path between these clocks, run the following command: report_timing -from [get_clocks clk_out1_microblaze_clk_wiz_1_2] -to [get_clocks sys_clk_pin]
Related violations: <none>

TIMING-17#1 Critical Warning
Non-clocked sequential cell  
The clock pin ssd/AN_Process.whichSSDToLight_reg[0]/C is not reached by a timing clock
Related violations: <none>

TIMING-17#2 Critical Warning
Non-clocked sequential cell  
The clock pin ssd/AN_Process.whichSSDToLight_reg[1]/C is not reached by a timing clock
Related violations: <none>

TIMING-17#3 Critical Warning
Non-clocked sequential cell  
The clock pin ssd/AN_Process.whichSSDToLight_reg[2]/C is not reached by a timing clock
Related violations: <none>

TIMING-17#4 Critical Warning
Non-clocked sequential cell  
The clock pin ssd/AN_Process.whichSSDToLight_reg[3]_inv/C is not reached by a timing clock
Related violations: <none>

TIMING-17#5 Critical Warning
Non-clocked sequential cell  
The clock pin ssd/AN_reg[0]/C is not reached by a timing clock
Related violations: <none>

TIMING-17#6 Critical Warning
Non-clocked sequential cell  
The clock pin ssd/AN_reg[1]/C is not reached by a timing clock
Related violations: <none>

TIMING-17#7 Critical Warning
Non-clocked sequential cell  
The clock pin ssd/AN_reg[2]/C is not reached by a timing clock
Related violations: <none>

TIMING-17#8 Critical Warning
Non-clocked sequential cell  
The clock pin ssd/AN_reg[3]/C is not reached by a timing clock
Related violations: <none>

TIMING-17#9 Critical Warning
Non-clocked sequential cell  
The clock pin ssd/AN_reg[4]/C is not reached by a timing clock
Related violations: <none>

TIMING-17#10 Critical Warning
Non-clocked sequential cell  
The clock pin ssd/AN_reg[5]/C is not reached by a timing clock
Related violations: <none>

TIMING-17#11 Critical Warning
Non-clocked sequential cell  
The clock pin ssd/AN_reg[6]/C is not reached by a timing clock
Related violations: <none>

TIMING-17#12 Critical Warning
Non-clocked sequential cell  
The clock pin ssd/AN_reg[7]/C is not reached by a timing clock
Related violations: <none>

TIMING-17#13 Critical Warning
Non-clocked sequential cell  
The clock pin ssd/number_current_reg[0]/C is not reached by a timing clock
Related violations: <none>

TIMING-17#14 Critical Warning
Non-clocked sequential cell  
The clock pin ssd/number_current_reg[1]/C is not reached by a timing clock
Related violations: <none>

TIMING-17#15 Critical Warning
Non-clocked sequential cell  
The clock pin ssd/number_current_reg[2]/C is not reached by a timing clock
Related violations: <none>

TIMING-17#16 Critical Warning
Non-clocked sequential cell  
The clock pin ssd/number_current_reg[3]/C is not reached by a timing clock
Related violations: <none>

TIMING-27#1 Critical Warning
Invalid primary clock on hierarchical pin  
A primary clock microblaze/microblaze_i/clk_wiz_1/inst/clk_in1 is created on an inappropriate internal pin microblaze/microblaze_i/clk_wiz_1/inst/clk_in1. It is not recommended to create a primary clock on a hierarchical pin when its driver pin has a fanout connected to multiple clock pins
Related violations: <none>

LUTAR-1#1 Warning
LUT drives async reset alert  
LUT cell microblaze/microblaze_i/mdm_1/U0/MDM_Core_I1/JTAG_CONTROL_I/sel_n_i_2, with 2 or more inputs, drives asynchronous preset/clear pin(s) microblaze/microblaze_i/mdm_1/U0/MDM_Core_I1/JTAG_CONTROL_I/sel_n_reg/PRE. The LUT may glitch and trigger an unexpected reset, even if it is a properly timed path.
Related violations: <none>

LUTAR-1#2 Warning
LUT drives async reset alert  
LUT cell microblaze/microblaze_i/microblaze_0/U0/MicroBlaze_Core_I/Area.Core/Implement_Debug_Logic.Master_Core.Debug_Area/Serial_Dbg_Intf.force_stop_cmd_rst_i_i_1, with 2 or more inputs, drives asynchronous preset/clear pin(s) microblaze/microblaze_i/microblaze_0/U0/MicroBlaze_Core_I/Area.Core/Implement_Debug_Logic.Master_Core.Debug_Area/Serial_Dbg_Intf.force_stop_TClk_reg/CLR. The LUT may glitch and trigger an unexpected reset, even if it is a properly timed path.
Related violations: <none>

LUTAR-1#3 Warning
LUT drives async reset alert  
LUT cell microblaze/microblaze_i/microblaze_0/U0/MicroBlaze_Core_I/Area.Core/Implement_Debug_Logic.Master_Core.Debug_Area/Serial_Dbg_Intf.normal_stop_cmd_rst_i_i_1, with 2 or more inputs, drives asynchronous preset/clear pin(s) microblaze/microblaze_i/microblaze_0/U0/MicroBlaze_Core_I/Area.Core/Implement_Debug_Logic.Master_Core.Debug_Area/Serial_Dbg_Intf.normal_stop_TClk_reg/CLR. The LUT may glitch and trigger an unexpected reset, even if it is a properly timed path.
Related violations: <none>

TIMING-9#1 Warning
Unknown CDC Logic  
One or more asynchronous Clock Domain Crossing has been detected between 2 clock domains through a set_false_path or a set_clock_groups or set_max_delay -datapath_only constraint but no double-registers logic synchronizer has been found on the side of the capture clock. It is recommended to run report_cdc for a complete and detailed CDC coverage. Please consider using XPM_CDC to avoid Critical severities
Related violations: <none>

TIMING-10#1 Warning
Missing property on synchronizer  
One or more logic synchronizer has been detected between 2 clock domains but the synchronizer does not have the property ASYNC_REG defined on one or both registers. It is recommended to run report_cdc for a complete and detailed CDC coverage
Related violations: <none>

TIMING-16#1 Warning
Large setup violation  
There is a large setup violation of -1.013 ns between microblaze/microblaze_i/microblaze_0_local_memory/lmb_bram/U0/inst_blk_mem_gen/gnbram.gnative_mem_map_bmg.native_mem_map_blk_mem_gen/valid.cstr/ramloop[3].ram.r/prim_noinit.ram/DEVICE_7SERIES.WITH_BMM_INFO.TRUE_DP.SIMPLE_PRIM36.TDP_SP36_ECC_ATTR.ram/CLKARDCLK (clocked by clk_out1_microblaze_clk_wiz_1_2) and microblaze/microblaze_i/microblaze_0/U0/MicroBlaze_Core_I/Area.Core/Data_Flow_I/Register_File_I/Using_FPGA.Gen_RegFile[30].Register_File_Bit_I/RegFile_X1/Using_FPGA.Native/DP/I (clocked by clk_out1_microblaze_clk_wiz_1_2). Large setup violations at the end of those stages might be difficult to fix during the post-placement implementation flow and could be the result of non-optimal XDC constraints or non-optimal design architecture
Related violations: <none>

TIMING-16#2 Warning
Large setup violation  
There is a large setup violation of -1.018 ns between microblaze/microblaze_i/microblaze_0_local_memory/lmb_bram/U0/inst_blk_mem_gen/gnbram.gnative_mem_map_bmg.native_mem_map_blk_mem_gen/valid.cstr/ramloop[8].ram.r/prim_noinit.ram/DEVICE_7SERIES.WITH_BMM_INFO.TRUE_DP.SIMPLE_PRIM36.TDP_SP36_NO_ECC_ATTR.ram/CLKARDCLK (clocked by clk_out1_microblaze_clk_wiz_1_2) and microblaze/microblaze_i/microblaze_0/U0/MicroBlaze_Core_I/Area.Core/Data_Flow_I/Operand_Select_I/OpSelect_Bits[21].Operand_Select_Bit_I/Op2_DFF/Using_FPGA.Native/D (clocked by clk_out1_microblaze_clk_wiz_1_2). Large setup violations at the end of those stages might be difficult to fix during the post-placement implementation flow and could be the result of non-optimal XDC constraints or non-optimal design architecture
Related violations: <none>

TIMING-16#3 Warning
Large setup violation  
There is a large setup violation of -1.019 ns between microblaze/microblaze_i/microblaze_0_local_memory/lmb_bram/U0/inst_blk_mem_gen/gnbram.gnative_mem_map_bmg.native_mem_map_blk_mem_gen/valid.cstr/ramloop[3].ram.r/prim_noinit.ram/DEVICE_7SERIES.WITH_BMM_INFO.TRUE_DP.SIMPLE_PRIM36.TDP_SP36_ECC_ATTR.ram/CLKARDCLK (clocked by clk_out1_microblaze_clk_wiz_1_2) and microblaze/microblaze_i/microblaze_0/U0/MicroBlaze_Core_I/Area.Core/Data_Flow_I/Operand_Select_I/OpSelect_Bits[16].Operand_Select_Bit_I/Op2_DFF/Using_FPGA.Native/D (clocked by clk_out1_microblaze_clk_wiz_1_2). Large setup violations at the end of those stages might be difficult to fix during the post-placement implementation flow and could be the result of non-optimal XDC constraints or non-optimal design architecture
Related violations: <none>

TIMING-16#4 Warning
Large setup violation  
There is a large setup violation of -1.027 ns between microblaze/microblaze_i/microblaze_0_local_memory/lmb_bram/U0/inst_blk_mem_gen/gnbram.gnative_mem_map_bmg.native_mem_map_blk_mem_gen/valid.cstr/ramloop[3].ram.r/prim_noinit.ram/DEVICE_7SERIES.WITH_BMM_INFO.TRUE_DP.SIMPLE_PRIM36.TDP_SP36_ECC_ATTR.ram/CLKARDCLK (clocked by clk_out1_microblaze_clk_wiz_1_2) and microblaze/microblaze_i/microblaze_0/U0/MicroBlaze_Core_I/Area.Core/Data_Flow_I/Operand_Select_I/OpSelect_Bits[31].Operand_Select_Bit_I/Op1_DFF/Using_FPGA.Native/D (clocked by clk_out1_microblaze_clk_wiz_1_2). Large setup violations at the end of those stages might be difficult to fix during the post-placement implementation flow and could be the result of non-optimal XDC constraints or non-optimal design architecture
Related violations: <none>

TIMING-16#5 Warning
Large setup violation  
There is a large setup violation of -1.028 ns between microblaze/microblaze_i/microblaze_0_local_memory/lmb_bram/U0/inst_blk_mem_gen/gnbram.gnative_mem_map_bmg.native_mem_map_blk_mem_gen/valid.cstr/ramloop[3].ram.r/prim_noinit.ram/DEVICE_7SERIES.WITH_BMM_INFO.TRUE_DP.SIMPLE_PRIM36.TDP_SP36_ECC_ATTR.ram/CLKARDCLK (clocked by clk_out1_microblaze_clk_wiz_1_2) and microblaze/microblaze_i/microblaze_0/U0/MicroBlaze_Core_I/Area.Core/Data_Flow_I/Operand_Select_I/OpSelect_Bits[1].Operand_Select_Bit_I/Op2_DFF/Using_FPGA.Native/D (clocked by clk_out1_microblaze_clk_wiz_1_2). Large setup violations at the end of those stages might be difficult to fix during the post-placement implementation flow and could be the result of non-optimal XDC constraints or non-optimal design architecture
Related violations: <none>

TIMING-16#6 Warning
Large setup violation  
There is a large setup violation of -1.030 ns between microblaze/microblaze_i/microblaze_0_local_memory/lmb_bram/U0/inst_blk_mem_gen/gnbram.gnative_mem_map_bmg.native_mem_map_blk_mem_gen/valid.cstr/ramloop[3].ram.r/prim_noinit.ram/DEVICE_7SERIES.WITH_BMM_INFO.TRUE_DP.SIMPLE_PRIM36.TDP_SP36_ECC_ATTR.ram/CLKARDCLK (clocked by clk_out1_microblaze_clk_wiz_1_2) and microblaze/microblaze_i/microblaze_0/U0/MicroBlaze_Core_I/Area.Core/Data_Flow_I/Operand_Select_I/OpSelect_Bits[27].Operand_Select_Bit_I/Op1_Reg_DFF/Using_FPGA.Native/D (clocked by clk_out1_microblaze_clk_wiz_1_2). Large setup violations at the end of those stages might be difficult to fix during the post-placement implementation flow and could be the result of non-optimal XDC constraints or non-optimal design architecture
Related violations: <none>

TIMING-16#7 Warning
Large setup violation  
There is a large setup violation of -1.031 ns between microblaze/microblaze_i/microblaze_0_local_memory/lmb_bram/U0/inst_blk_mem_gen/gnbram.gnative_mem_map_bmg.native_mem_map_blk_mem_gen/valid.cstr/ramloop[3].ram.r/prim_noinit.ram/DEVICE_7SERIES.WITH_BMM_INFO.TRUE_DP.SIMPLE_PRIM36.TDP_SP36_ECC_ATTR.ram/CLKARDCLK (clocked by clk_out1_microblaze_clk_wiz_1_2) and microblaze/microblaze_i/microblaze_0/U0/MicroBlaze_Core_I/Area.Core/Data_Flow_I/Register_File_I/Using_FPGA.Gen_RegFile[28].Register_File_Bit_I/RegFile_X1/Using_FPGA.Native/SP/I (clocked by clk_out1_microblaze_clk_wiz_1_2). Large setup violations at the end of those stages might be difficult to fix during the post-placement implementation flow and could be the result of non-optimal XDC constraints or non-optimal design architecture
Related violations: <none>

TIMING-16#8 Warning
Large setup violation  
There is a large setup violation of -1.048 ns between microblaze/microblaze_i/microblaze_0_local_memory/lmb_bram/U0/inst_blk_mem_gen/gnbram.gnative_mem_map_bmg.native_mem_map_blk_mem_gen/valid.cstr/ramloop[3].ram.r/prim_noinit.ram/DEVICE_7SERIES.WITH_BMM_INFO.TRUE_DP.SIMPLE_PRIM36.TDP_SP36_ECC_ATTR.ram/CLKARDCLK (clocked by clk_out1_microblaze_clk_wiz_1_2) and microblaze/microblaze_i/microblaze_0/U0/MicroBlaze_Core_I/Area.Core/Data_Flow_I/Operand_Select_I/OpSelect_Bits[27].Operand_Select_Bit_I/Op1_DFF/Using_FPGA.Native/D (clocked by clk_out1_microblaze_clk_wiz_1_2). Large setup violations at the end of those stages might be difficult to fix during the post-placement implementation flow and could be the result of non-optimal XDC constraints or non-optimal design architecture
Related violations: <none>

TIMING-16#9 Warning
Large setup violation  
There is a large setup violation of -1.048 ns between microblaze/microblaze_i/microblaze_0_local_memory/lmb_bram/U0/inst_blk_mem_gen/gnbram.gnative_mem_map_bmg.native_mem_map_blk_mem_gen/valid.cstr/ramloop[3].ram.r/prim_noinit.ram/DEVICE_7SERIES.WITH_BMM_INFO.TRUE_DP.SIMPLE_PRIM36.TDP_SP36_ECC_ATTR.ram/CLKARDCLK (clocked by clk_out1_microblaze_clk_wiz_1_2) and microblaze/microblaze_i/microblaze_0/U0/MicroBlaze_Core_I/Area.Core/Data_Flow_I/Register_File_I/Using_FPGA.Gen_RegFile[28].Register_File_Bit_I/RegFile_X1/Using_FPGA.Native/DP/I (clocked by clk_out1_microblaze_clk_wiz_1_2). Large setup violations at the end of those stages might be difficult to fix during the post-placement implementation flow and could be the result of non-optimal XDC constraints or non-optimal design architecture
Related violations: <none>

TIMING-16#10 Warning
Large setup violation  
There is a large setup violation of -1.050 ns between microblaze/microblaze_i/microblaze_0_local_memory/lmb_bram/U0/inst_blk_mem_gen/gnbram.gnative_mem_map_bmg.native_mem_map_blk_mem_gen/valid.cstr/ramloop[3].ram.r/prim_noinit.ram/DEVICE_7SERIES.WITH_BMM_INFO.TRUE_DP.SIMPLE_PRIM36.TDP_SP36_ECC_ATTR.ram/CLKARDCLK (clocked by clk_out1_microblaze_clk_wiz_1_2) and microblaze/microblaze_i/microblaze_0/U0/MicroBlaze_Core_I/Area.Core/Data_Flow_I/Operand_Select_I/OpSelect_Bits[9].Operand_Select_Bit_I/Op2_DFF/Using_FPGA.Native/D (clocked by clk_out1_microblaze_clk_wiz_1_2). Large setup violations at the end of those stages might be difficult to fix during the post-placement implementation flow and could be the result of non-optimal XDC constraints or non-optimal design architecture
Related violations: <none>

TIMING-16#11 Warning
Large setup violation  
There is a large setup violation of -1.066 ns between microblaze/microblaze_i/microblaze_0_local_memory/lmb_bram/U0/inst_blk_mem_gen/gnbram.gnative_mem_map_bmg.native_mem_map_blk_mem_gen/valid.cstr/ramloop[3].ram.r/prim_noinit.ram/DEVICE_7SERIES.WITH_BMM_INFO.TRUE_DP.SIMPLE_PRIM36.TDP_SP36_ECC_ATTR.ram/CLKARDCLK (clocked by clk_out1_microblaze_clk_wiz_1_2) and microblaze/microblaze_i/microblaze_0/U0/MicroBlaze_Core_I/Area.Core/Data_Flow_I/Register_File_I/Using_FPGA.Gen_RegFile[26].Register_File_Bit_I/RegFile_X1/Using_FPGA.Native/SP/I (clocked by clk_out1_microblaze_clk_wiz_1_2). Large setup violations at the end of those stages might be difficult to fix during the post-placement implementation flow and could be the result of non-optimal XDC constraints or non-optimal design architecture
Related violations: <none>

TIMING-16#12 Warning
Large setup violation  
There is a large setup violation of -1.076 ns between microblaze/microblaze_i/microblaze_0_local_memory/lmb_bram/U0/inst_blk_mem_gen/gnbram.gnative_mem_map_bmg.native_mem_map_blk_mem_gen/valid.cstr/ramloop[3].ram.r/prim_noinit.ram/DEVICE_7SERIES.WITH_BMM_INFO.TRUE_DP.SIMPLE_PRIM36.TDP_SP36_ECC_ATTR.ram/CLKARDCLK (clocked by clk_out1_microblaze_clk_wiz_1_2) and microblaze/microblaze_i/microblaze_0/U0/MicroBlaze_Core_I/Area.Core/Data_Flow_I/Register_File_I/Using_FPGA.Gen_RegFile[25].Register_File_Bit_I/RegFile_X1/Using_FPGA.Native/SP/I (clocked by clk_out1_microblaze_clk_wiz_1_2). Large setup violations at the end of those stages might be difficult to fix during the post-placement implementation flow and could be the result of non-optimal XDC constraints or non-optimal design architecture
Related violations: <none>

TIMING-16#13 Warning
Large setup violation  
There is a large setup violation of -1.091 ns between microblaze/microblaze_i/microblaze_0_local_memory/lmb_bram/U0/inst_blk_mem_gen/gnbram.gnative_mem_map_bmg.native_mem_map_blk_mem_gen/valid.cstr/ramloop[3].ram.r/prim_noinit.ram/DEVICE_7SERIES.WITH_BMM_INFO.TRUE_DP.SIMPLE_PRIM36.TDP_SP36_ECC_ATTR.ram/CLKARDCLK (clocked by clk_out1_microblaze_clk_wiz_1_2) and microblaze/microblaze_i/microblaze_0/U0/MicroBlaze_Core_I/Area.Core/Data_Flow_I/Register_File_I/Using_FPGA.Gen_RegFile[30].Register_File_Bit_I/RegFile_X1/Using_FPGA.Native/SP/I (clocked by clk_out1_microblaze_clk_wiz_1_2). Large setup violations at the end of those stages might be difficult to fix during the post-placement implementation flow and could be the result of non-optimal XDC constraints or non-optimal design architecture
Related violations: <none>

TIMING-16#14 Warning
Large setup violation  
There is a large setup violation of -1.094 ns between microblaze/microblaze_i/microblaze_0_local_memory/lmb_bram/U0/inst_blk_mem_gen/gnbram.gnative_mem_map_bmg.native_mem_map_blk_mem_gen/valid.cstr/ramloop[3].ram.r/prim_noinit.ram/DEVICE_7SERIES.WITH_BMM_INFO.TRUE_DP.SIMPLE_PRIM36.TDP_SP36_ECC_ATTR.ram/CLKARDCLK (clocked by clk_out1_microblaze_clk_wiz_1_2) and microblaze/microblaze_i/microblaze_0/U0/MicroBlaze_Core_I/Area.Core/Data_Flow_I/Register_File_I/Using_FPGA.Gen_RegFile[25].Register_File_Bit_I/RegFile_X2/Using_FPGA.Native/SP/I (clocked by clk_out1_microblaze_clk_wiz_1_2). Large setup violations at the end of those stages might be difficult to fix during the post-placement implementation flow and could be the result of non-optimal XDC constraints or non-optimal design architecture
Related violations: <none>

TIMING-16#15 Warning
Large setup violation  
There is a large setup violation of -1.107 ns between microblaze/microblaze_i/microblaze_0_local_memory/lmb_bram/U0/inst_blk_mem_gen/gnbram.gnative_mem_map_bmg.native_mem_map_blk_mem_gen/valid.cstr/ramloop[3].ram.r/prim_noinit.ram/DEVICE_7SERIES.WITH_BMM_INFO.TRUE_DP.SIMPLE_PRIM36.TDP_SP36_ECC_ATTR.ram/CLKARDCLK (clocked by clk_out1_microblaze_clk_wiz_1_2) and microblaze/microblaze_i/microblaze_0/U0/MicroBlaze_Core_I/Area.Core/Data_Flow_I/Register_File_I/Using_FPGA.Gen_RegFile[26].Register_File_Bit_I/RegFile_X1/Using_FPGA.Native/DP/I (clocked by clk_out1_microblaze_clk_wiz_1_2). Large setup violations at the end of those stages might be difficult to fix during the post-placement implementation flow and could be the result of non-optimal XDC constraints or non-optimal design architecture
Related violations: <none>

TIMING-16#16 Warning
Large setup violation  
There is a large setup violation of -1.115 ns between microblaze/microblaze_i/microblaze_0_local_memory/lmb_bram/U0/inst_blk_mem_gen/gnbram.gnative_mem_map_bmg.native_mem_map_blk_mem_gen/valid.cstr/ramloop[3].ram.r/prim_noinit.ram/DEVICE_7SERIES.WITH_BMM_INFO.TRUE_DP.SIMPLE_PRIM36.TDP_SP36_ECC_ATTR.ram/CLKARDCLK (clocked by clk_out1_microblaze_clk_wiz_1_2) and microblaze/microblaze_i/microblaze_0/U0/MicroBlaze_Core_I/Area.Core/Data_Flow_I/Operand_Select_I/OpSelect_Bits[3].Operand_Select_Bit_I/Op2_DFF/Using_FPGA.Native/D (clocked by clk_out1_microblaze_clk_wiz_1_2). Large setup violations at the end of those stages might be difficult to fix during the post-placement implementation flow and could be the result of non-optimal XDC constraints or non-optimal design architecture
Related violations: <none>

TIMING-16#17 Warning
Large setup violation  
There is a large setup violation of -1.116 ns between microblaze/microblaze_i/microblaze_0_local_memory/lmb_bram/U0/inst_blk_mem_gen/gnbram.gnative_mem_map_bmg.native_mem_map_blk_mem_gen/valid.cstr/ramloop[3].ram.r/prim_noinit.ram/DEVICE_7SERIES.WITH_BMM_INFO.TRUE_DP.SIMPLE_PRIM36.TDP_SP36_ECC_ATTR.ram/CLKARDCLK (clocked by clk_out1_microblaze_clk_wiz_1_2) and microblaze/microblaze_i/microblaze_0/U0/MicroBlaze_Core_I/Area.Core/Data_Flow_I/Register_File_I/Using_FPGA.Gen_RegFile[26].Register_File_Bit_I/RegFile_X2/Using_FPGA.Native/DP/I (clocked by clk_out1_microblaze_clk_wiz_1_2). Large setup violations at the end of those stages might be difficult to fix during the post-placement implementation flow and could be the result of non-optimal XDC constraints or non-optimal design architecture
Related violations: <none>

TIMING-16#18 Warning
Large setup violation  
There is a large setup violation of -1.117 ns between microblaze/microblaze_i/microblaze_0_local_memory/lmb_bram/U0/inst_blk_mem_gen/gnbram.gnative_mem_map_bmg.native_mem_map_blk_mem_gen/valid.cstr/ramloop[3].ram.r/prim_noinit.ram/DEVICE_7SERIES.WITH_BMM_INFO.TRUE_DP.SIMPLE_PRIM36.TDP_SP36_ECC_ATTR.ram/CLKARDCLK (clocked by clk_out1_microblaze_clk_wiz_1_2) and microblaze/microblaze_i/microblaze_0/U0/MicroBlaze_Core_I/Area.Core/Data_Flow_I/Register_File_I/Using_FPGA.Gen_RegFile[25].Register_File_Bit_I/RegFile_X1/Using_FPGA.Native/DP/I (clocked by clk_out1_microblaze_clk_wiz_1_2). Large setup violations at the end of those stages might be difficult to fix during the post-placement implementation flow and could be the result of non-optimal XDC constraints or non-optimal design architecture
Related violations: <none>

TIMING-16#19 Warning
Large setup violation  
There is a large setup violation of -1.124 ns between microblaze/microblaze_i/microblaze_0_local_memory/lmb_bram/U0/inst_blk_mem_gen/gnbram.gnative_mem_map_bmg.native_mem_map_blk_mem_gen/valid.cstr/ramloop[3].ram.r/prim_noinit.ram/DEVICE_7SERIES.WITH_BMM_INFO.TRUE_DP.SIMPLE_PRIM36.TDP_SP36_ECC_ATTR.ram/CLKARDCLK (clocked by clk_out1_microblaze_clk_wiz_1_2) and microblaze/microblaze_i/microblaze_0/U0/MicroBlaze_Core_I/Area.Core/Data_Flow_I/Register_File_I/Using_FPGA.Gen_RegFile[25].Register_File_Bit_I/RegFile_X2/Using_FPGA.Native/DP/I (clocked by clk_out1_microblaze_clk_wiz_1_2). Large setup violations at the end of those stages might be difficult to fix during the post-placement implementation flow and could be the result of non-optimal XDC constraints or non-optimal design architecture
Related violations: <none>

TIMING-16#20 Warning
Large setup violation  
There is a large setup violation of -1.127 ns between microblaze/microblaze_i/microblaze_0_local_memory/lmb_bram/U0/inst_blk_mem_gen/gnbram.gnative_mem_map_bmg.native_mem_map_blk_mem_gen/valid.cstr/ramloop[3].ram.r/prim_noinit.ram/DEVICE_7SERIES.WITH_BMM_INFO.TRUE_DP.SIMPLE_PRIM36.TDP_SP36_ECC_ATTR.ram/CLKARDCLK (clocked by clk_out1_microblaze_clk_wiz_1_2) and microblaze/microblaze_i/microblaze_0/U0/MicroBlaze_Core_I/Area.Core/Data_Flow_I/Operand_Select_I/OpSelect_Bits[24].Operand_Select_Bit_I/Op2_DFF/Using_FPGA.Native/D (clocked by clk_out1_microblaze_clk_wiz_1_2). Large setup violations at the end of those stages might be difficult to fix during the post-placement implementation flow and could be the result of non-optimal XDC constraints or non-optimal design architecture
Related violations: <none>

TIMING-16#21 Warning
Large setup violation  
There is a large setup violation of -1.128 ns between microblaze/microblaze_i/microblaze_0_local_memory/lmb_bram/U0/inst_blk_mem_gen/gnbram.gnative_mem_map_bmg.native_mem_map_blk_mem_gen/valid.cstr/ramloop[3].ram.r/prim_noinit.ram/DEVICE_7SERIES.WITH_BMM_INFO.TRUE_DP.SIMPLE_PRIM36.TDP_SP36_ECC_ATTR.ram/CLKARDCLK (clocked by clk_out1_microblaze_clk_wiz_1_2) and microblaze/microblaze_i/microblaze_0/U0/MicroBlaze_Core_I/Area.Core/Data_Flow_I/Operand_Select_I/OpSelect_Bits[22].Operand_Select_Bit_I/Op2_DFF/Using_FPGA.Native_replica_3/D (clocked by clk_out1_microblaze_clk_wiz_1_2). Large setup violations at the end of those stages might be difficult to fix during the post-placement implementation flow and could be the result of non-optimal XDC constraints or non-optimal design architecture
Related violations: <none>

TIMING-16#22 Warning
Large setup violation  
There is a large setup violation of -1.140 ns between microblaze/microblaze_i/microblaze_0_local_memory/lmb_bram/U0/inst_blk_mem_gen/gnbram.gnative_mem_map_bmg.native_mem_map_blk_mem_gen/valid.cstr/ramloop[3].ram.r/prim_noinit.ram/DEVICE_7SERIES.WITH_BMM_INFO.TRUE_DP.SIMPLE_PRIM36.TDP_SP36_ECC_ATTR.ram/CLKARDCLK (clocked by clk_out1_microblaze_clk_wiz_1_2) and microblaze/microblaze_i/microblaze_0/U0/MicroBlaze_Core_I/Area.Core/Data_Flow_I/Operand_Select_I/OpSelect_Bits[22].Operand_Select_Bit_I/Op2_DFF/Using_FPGA.Native_replica_1/D (clocked by clk_out1_microblaze_clk_wiz_1_2). Large setup violations at the end of those stages might be difficult to fix during the post-placement implementation flow and could be the result of non-optimal XDC constraints or non-optimal design architecture
Related violations: <none>

TIMING-16#23 Warning
Large setup violation  
There is a large setup violation of -1.141 ns between microblaze/microblaze_i/microblaze_0_local_memory/lmb_bram/U0/inst_blk_mem_gen/gnbram.gnative_mem_map_bmg.native_mem_map_blk_mem_gen/valid.cstr/ramloop[3].ram.r/prim_noinit.ram/DEVICE_7SERIES.WITH_BMM_INFO.TRUE_DP.SIMPLE_PRIM36.TDP_SP36_ECC_ATTR.ram/CLKARDCLK (clocked by clk_out1_microblaze_clk_wiz_1_2) and microblaze/microblaze_i/microblaze_0/U0/MicroBlaze_Core_I/Area.Core/Data_Flow_I/Register_File_I/Using_FPGA.Gen_RegFile[30].Register_File_Bit_I/RegFile_X2/Using_FPGA.Native/SP/I (clocked by clk_out1_microblaze_clk_wiz_1_2). Large setup violations at the end of those stages might be difficult to fix during the post-placement implementation flow and could be the result of non-optimal XDC constraints or non-optimal design architecture
Related violations: <none>

TIMING-16#24 Warning
Large setup violation  
There is a large setup violation of -1.142 ns between microblaze/microblaze_i/microblaze_0_local_memory/lmb_bram/U0/inst_blk_mem_gen/gnbram.gnative_mem_map_bmg.native_mem_map_blk_mem_gen/valid.cstr/ramloop[3].ram.r/prim_noinit.ram/DEVICE_7SERIES.WITH_BMM_INFO.TRUE_DP.SIMPLE_PRIM36.TDP_SP36_ECC_ATTR.ram/CLKARDCLK (clocked by clk_out1_microblaze_clk_wiz_1_2) and microblaze/microblaze_i/microblaze_0/U0/MicroBlaze_Core_I/Area.Core/Data_Flow_I/Operand_Select_I/OpSelect_Bits[22].Operand_Select_Bit_I/Op2_DFF/Using_FPGA.Native_replica_2/D (clocked by clk_out1_microblaze_clk_wiz_1_2). Large setup violations at the end of those stages might be difficult to fix during the post-placement implementation flow and could be the result of non-optimal XDC constraints or non-optimal design architecture
Related violations: <none>

TIMING-16#25 Warning
Large setup violation  
There is a large setup violation of -1.143 ns between microblaze/microblaze_i/microblaze_0_local_memory/lmb_bram/U0/inst_blk_mem_gen/gnbram.gnative_mem_map_bmg.native_mem_map_blk_mem_gen/valid.cstr/ramloop[3].ram.r/prim_noinit.ram/DEVICE_7SERIES.WITH_BMM_INFO.TRUE_DP.SIMPLE_PRIM36.TDP_SP36_ECC_ATTR.ram/CLKARDCLK (clocked by clk_out1_microblaze_clk_wiz_1_2) and microblaze/microblaze_i/microblaze_0/U0/MicroBlaze_Core_I/Area.Core/Data_Flow_I/Operand_Select_I/OpSelect_Bits[22].Operand_Select_Bit_I/Op2_DFF/Using_FPGA.Native_replica/D (clocked by clk_out1_microblaze_clk_wiz_1_2). Large setup violations at the end of those stages might be difficult to fix during the post-placement implementation flow and could be the result of non-optimal XDC constraints or non-optimal design architecture
Related violations: <none>

TIMING-16#26 Warning
Large setup violation  
There is a large setup violation of -1.148 ns between microblaze/microblaze_i/microblaze_0_local_memory/lmb_bram/U0/inst_blk_mem_gen/gnbram.gnative_mem_map_bmg.native_mem_map_blk_mem_gen/valid.cstr/ramloop[3].ram.r/prim_noinit.ram/DEVICE_7SERIES.WITH_BMM_INFO.TRUE_DP.SIMPLE_PRIM36.TDP_SP36_ECC_ATTR.ram/CLKARDCLK (clocked by clk_out1_microblaze_clk_wiz_1_2) and microblaze/microblaze_i/microblaze_0/U0/MicroBlaze_Core_I/Area.Core/Data_Flow_I/Operand_Select_I/OpSelect_Bits[31].Operand_Select_Bit_I/Op2_DFF/Using_FPGA.Native/D (clocked by clk_out1_microblaze_clk_wiz_1_2). Large setup violations at the end of those stages might be difficult to fix during the post-placement implementation flow and could be the result of non-optimal XDC constraints or non-optimal design architecture
Related violations: <none>

TIMING-16#27 Warning
Large setup violation  
There is a large setup violation of -1.148 ns between microblaze/microblaze_i/microblaze_0_local_memory/lmb_bram/U0/inst_blk_mem_gen/gnbram.gnative_mem_map_bmg.native_mem_map_blk_mem_gen/valid.cstr/ramloop[3].ram.r/prim_noinit.ram/DEVICE_7SERIES.WITH_BMM_INFO.TRUE_DP.SIMPLE_PRIM36.TDP_SP36_ECC_ATTR.ram/CLKARDCLK (clocked by clk_out1_microblaze_clk_wiz_1_2) and microblaze/microblaze_i/microblaze_0/U0/MicroBlaze_Core_I/Area.Core/Data_Flow_I/Register_File_I/Using_FPGA.Gen_RegFile[31].Register_File_Bit_I/RegFile_X1/Using_FPGA.Native/DP/I (clocked by clk_out1_microblaze_clk_wiz_1_2). Large setup violations at the end of those stages might be difficult to fix during the post-placement implementation flow and could be the result of non-optimal XDC constraints or non-optimal design architecture
Related violations: <none>

TIMING-16#28 Warning
Large setup violation  
There is a large setup violation of -1.149 ns between microblaze/microblaze_i/microblaze_0_local_memory/lmb_bram/U0/inst_blk_mem_gen/gnbram.gnative_mem_map_bmg.native_mem_map_blk_mem_gen/valid.cstr/ramloop[3].ram.r/prim_noinit.ram/DEVICE_7SERIES.WITH_BMM_INFO.TRUE_DP.SIMPLE_PRIM36.TDP_SP36_ECC_ATTR.ram/CLKARDCLK (clocked by clk_out1_microblaze_clk_wiz_1_2) and microblaze/microblaze_i/microblaze_0/U0/MicroBlaze_Core_I/Area.Core/Data_Flow_I/Operand_Select_I/OpSelect_Bits[30].Operand_Select_Bit_I/Op2_DFF/Using_FPGA.Native/D (clocked by clk_out1_microblaze_clk_wiz_1_2). Large setup violations at the end of those stages might be difficult to fix during the post-placement implementation flow and could be the result of non-optimal XDC constraints or non-optimal design architecture
Related violations: <none>

TIMING-16#29 Warning
Large setup violation  
There is a large setup violation of -1.160 ns between microblaze/microblaze_i/microblaze_0_local_memory/lmb_bram/U0/inst_blk_mem_gen/gnbram.gnative_mem_map_bmg.native_mem_map_blk_mem_gen/valid.cstr/ramloop[3].ram.r/prim_noinit.ram/DEVICE_7SERIES.WITH_BMM_INFO.TRUE_DP.SIMPLE_PRIM36.TDP_SP36_ECC_ATTR.ram/CLKARDCLK (clocked by clk_out1_microblaze_clk_wiz_1_2) and microblaze/microblaze_i/microblaze_0/U0/MicroBlaze_Core_I/Area.Core/Data_Flow_I/Operand_Select_I/OpSelect_Bits[28].Operand_Select_Bit_I/Op1_Reg_DFF/Using_FPGA.Native/D (clocked by clk_out1_microblaze_clk_wiz_1_2). Large setup violations at the end of those stages might be difficult to fix during the post-placement implementation flow and could be the result of non-optimal XDC constraints or non-optimal design architecture
Related violations: <none>

TIMING-16#30 Warning
Large setup violation  
There is a large setup violation of -1.166 ns between microblaze/microblaze_i/microblaze_0_local_memory/lmb_bram/U0/inst_blk_mem_gen/gnbram.gnative_mem_map_bmg.native_mem_map_blk_mem_gen/valid.cstr/ramloop[3].ram.r/prim_noinit.ram/DEVICE_7SERIES.WITH_BMM_INFO.TRUE_DP.SIMPLE_PRIM36.TDP_SP36_ECC_ATTR.ram/CLKARDCLK (clocked by clk_out1_microblaze_clk_wiz_1_2) and microblaze/microblaze_i/microblaze_0/U0/MicroBlaze_Core_I/Area.Core/Data_Flow_I/Operand_Select_I/OpSelect_Bits[9].Operand_Select_Bit_I/Op1_Reg_DFF/Using_FPGA.Native/D (clocked by clk_out1_microblaze_clk_wiz_1_2). Large setup violations at the end of those stages might be difficult to fix during the post-placement implementation flow and could be the result of non-optimal XDC constraints or non-optimal design architecture
Related violations: <none>

TIMING-16#31 Warning
Large setup violation  
There is a large setup violation of -1.170 ns between microblaze/microblaze_i/microblaze_0_local_memory/lmb_bram/U0/inst_blk_mem_gen/gnbram.gnative_mem_map_bmg.native_mem_map_blk_mem_gen/valid.cstr/ramloop[3].ram.r/prim_noinit.ram/DEVICE_7SERIES.WITH_BMM_INFO.TRUE_DP.SIMPLE_PRIM36.TDP_SP36_ECC_ATTR.ram/CLKARDCLK (clocked by clk_out1_microblaze_clk_wiz_1_2) and microblaze/microblaze_i/microblaze_0/U0/MicroBlaze_Core_I/Area.Core/Data_Flow_I/Operand_Select_I/OpSelect_Bits[28].Operand_Select_Bit_I/Op1_DFF/Using_FPGA.Native/D (clocked by clk_out1_microblaze_clk_wiz_1_2). Large setup violations at the end of those stages might be difficult to fix during the post-placement implementation flow and could be the result of non-optimal XDC constraints or non-optimal design architecture
Related violations: <none>

TIMING-16#32 Warning
Large setup violation  
There is a large setup violation of -1.176 ns between microblaze/microblaze_i/microblaze_0_local_memory/lmb_bram/U0/inst_blk_mem_gen/gnbram.gnative_mem_map_bmg.native_mem_map_blk_mem_gen/valid.cstr/ramloop[3].ram.r/prim_noinit.ram/DEVICE_7SERIES.WITH_BMM_INFO.TRUE_DP.SIMPLE_PRIM36.TDP_SP36_ECC_ATTR.ram/CLKARDCLK (clocked by clk_out1_microblaze_clk_wiz_1_2) and microblaze/microblaze_i/microblaze_0/U0/MicroBlaze_Core_I/Area.Core/Data_Flow_I/Register_File_I/Using_FPGA.Gen_RegFile[31].Register_File_Bit_I/RegFile_X2/Using_FPGA.Native/SP/I (clocked by clk_out1_microblaze_clk_wiz_1_2). Large setup violations at the end of those stages might be difficult to fix during the post-placement implementation flow and could be the result of non-optimal XDC constraints or non-optimal design architecture
Related violations: <none>

TIMING-16#33 Warning
Large setup violation  
There is a large setup violation of -1.179 ns between microblaze/microblaze_i/microblaze_0_local_memory/lmb_bram/U0/inst_blk_mem_gen/gnbram.gnative_mem_map_bmg.native_mem_map_blk_mem_gen/valid.cstr/ramloop[3].ram.r/prim_noinit.ram/DEVICE_7SERIES.WITH_BMM_INFO.TRUE_DP.SIMPLE_PRIM36.TDP_SP36_ECC_ATTR.ram/CLKARDCLK (clocked by clk_out1_microblaze_clk_wiz_1_2) and microblaze/microblaze_i/microblaze_0/U0/MicroBlaze_Core_I/Area.Core/Data_Flow_I/Operand_Select_I/OpSelect_Bits[26].Operand_Select_Bit_I/Op1_Reg_DFF/Using_FPGA.Native/D (clocked by clk_out1_microblaze_clk_wiz_1_2). Large setup violations at the end of those stages might be difficult to fix during the post-placement implementation flow and could be the result of non-optimal XDC constraints or non-optimal design architecture
Related violations: <none>

TIMING-16#34 Warning
Large setup violation  
There is a large setup violation of -1.180 ns between microblaze/microblaze_i/microblaze_0_local_memory/lmb_bram/U0/inst_blk_mem_gen/gnbram.gnative_mem_map_bmg.native_mem_map_blk_mem_gen/valid.cstr/ramloop[3].ram.r/prim_noinit.ram/DEVICE_7SERIES.WITH_BMM_INFO.TRUE_DP.SIMPLE_PRIM36.TDP_SP36_ECC_ATTR.ram/CLKARDCLK (clocked by clk_out1_microblaze_clk_wiz_1_2) and microblaze/microblaze_i/microblaze_0/U0/MicroBlaze_Core_I/Area.Core/Data_Flow_I/Operand_Select_I/OpSelect_Bits[25].Operand_Select_Bit_I/Op1_Reg_DFF/Using_FPGA.Native/D (clocked by clk_out1_microblaze_clk_wiz_1_2). Large setup violations at the end of those stages might be difficult to fix during the post-placement implementation flow and could be the result of non-optimal XDC constraints or non-optimal design architecture
Related violations: <none>

TIMING-16#35 Warning
Large setup violation  
There is a large setup violation of -1.181 ns between microblaze/microblaze_i/microblaze_0_local_memory/lmb_bram/U0/inst_blk_mem_gen/gnbram.gnative_mem_map_bmg.native_mem_map_blk_mem_gen/valid.cstr/ramloop[3].ram.r/prim_noinit.ram/DEVICE_7SERIES.WITH_BMM_INFO.TRUE_DP.SIMPLE_PRIM36.TDP_SP36_ECC_ATTR.ram/CLKARDCLK (clocked by clk_out1_microblaze_clk_wiz_1_2) and microblaze/microblaze_i/microblaze_0/U0/MicroBlaze_Core_I/Area.Core/Data_Flow_I/Operand_Select_I/OpSelect_Bits[9].Operand_Select_Bit_I/Op1_DFF/Using_FPGA.Native/D (clocked by clk_out1_microblaze_clk_wiz_1_2). Large setup violations at the end of those stages might be difficult to fix during the post-placement implementation flow and could be the result of non-optimal XDC constraints or non-optimal design architecture
Related violations: <none>

TIMING-16#36 Warning
Large setup violation  
There is a large setup violation of -1.191 ns between microblaze/microblaze_i/microblaze_0_local_memory/lmb_bram/U0/inst_blk_mem_gen/gnbram.gnative_mem_map_bmg.native_mem_map_blk_mem_gen/valid.cstr/ramloop[3].ram.r/prim_noinit.ram/DEVICE_7SERIES.WITH_BMM_INFO.TRUE_DP.SIMPLE_PRIM36.TDP_SP36_ECC_ATTR.ram/CLKARDCLK (clocked by clk_out1_microblaze_clk_wiz_1_2) and microblaze/microblaze_i/microblaze_0/U0/MicroBlaze_Core_I/Area.Core/Data_Flow_I/Operand_Select_I/OpSelect_Bits[25].Operand_Select_Bit_I/Op1_DFF/Using_FPGA.Native/D (clocked by clk_out1_microblaze_clk_wiz_1_2). Large setup violations at the end of those stages might be difficult to fix during the post-placement implementation flow and could be the result of non-optimal XDC constraints or non-optimal design architecture
Related violations: <none>

TIMING-16#37 Warning
Large setup violation  
There is a large setup violation of -1.192 ns between microblaze/microblaze_i/microblaze_0_local_memory/lmb_bram/U0/inst_blk_mem_gen/gnbram.gnative_mem_map_bmg.native_mem_map_blk_mem_gen/valid.cstr/ramloop[3].ram.r/prim_noinit.ram/DEVICE_7SERIES.WITH_BMM_INFO.TRUE_DP.SIMPLE_PRIM36.TDP_SP36_ECC_ATTR.ram/CLKARDCLK (clocked by clk_out1_microblaze_clk_wiz_1_2) and microblaze/microblaze_i/microblaze_0/U0/MicroBlaze_Core_I/Area.Core/Data_Flow_I/Operand_Select_I/OpSelect_Bits[14].Operand_Select_Bit_I/Op2_DFF/Using_FPGA.Native/D (clocked by clk_out1_microblaze_clk_wiz_1_2). Large setup violations at the end of those stages might be difficult to fix during the post-placement implementation flow and could be the result of non-optimal XDC constraints or non-optimal design architecture
Related violations: <none>

TIMING-16#38 Warning
Large setup violation  
There is a large setup violation of -1.197 ns between microblaze/microblaze_i/microblaze_0_local_memory/lmb_bram/U0/inst_blk_mem_gen/gnbram.gnative_mem_map_bmg.native_mem_map_blk_mem_gen/valid.cstr/ramloop[3].ram.r/prim_noinit.ram/DEVICE_7SERIES.WITH_BMM_INFO.TRUE_DP.SIMPLE_PRIM36.TDP_SP36_ECC_ATTR.ram/CLKARDCLK (clocked by clk_out1_microblaze_clk_wiz_1_2) and microblaze/microblaze_i/microblaze_0/U0/MicroBlaze_Core_I/Area.Core/Data_Flow_I/Operand_Select_I/OpSelect_Bits[26].Operand_Select_Bit_I/Op1_DFF/Using_FPGA.Native/D (clocked by clk_out1_microblaze_clk_wiz_1_2). Large setup violations at the end of those stages might be difficult to fix during the post-placement implementation flow and could be the result of non-optimal XDC constraints or non-optimal design architecture
Related violations: <none>

TIMING-16#39 Warning
Large setup violation  
There is a large setup violation of -1.201 ns between microblaze/microblaze_i/microblaze_0_local_memory/lmb_bram/U0/inst_blk_mem_gen/gnbram.gnative_mem_map_bmg.native_mem_map_blk_mem_gen/valid.cstr/ramloop[3].ram.r/prim_noinit.ram/DEVICE_7SERIES.WITH_BMM_INFO.TRUE_DP.SIMPLE_PRIM36.TDP_SP36_ECC_ATTR.ram/CLKARDCLK (clocked by clk_out1_microblaze_clk_wiz_1_2) and microblaze/microblaze_i/microblaze_0/U0/MicroBlaze_Core_I/Area.Core/Data_Flow_I/Register_File_I/Using_FPGA.Gen_RegFile[28].Register_File_Bit_I/RegFile_X2/Using_FPGA.Native/SP/I (clocked by clk_out1_microblaze_clk_wiz_1_2). Large setup violations at the end of those stages might be difficult to fix during the post-placement implementation flow and could be the result of non-optimal XDC constraints or non-optimal design architecture
Related violations: <none>

TIMING-16#40 Warning
Large setup violation  
There is a large setup violation of -1.212 ns between microblaze/microblaze_i/microblaze_0_local_memory/lmb_bram/U0/inst_blk_mem_gen/gnbram.gnative_mem_map_bmg.native_mem_map_blk_mem_gen/valid.cstr/ramloop[3].ram.r/prim_noinit.ram/DEVICE_7SERIES.WITH_BMM_INFO.TRUE_DP.SIMPLE_PRIM36.TDP_SP36_ECC_ATTR.ram/CLKARDCLK (clocked by clk_out1_microblaze_clk_wiz_1_2) and microblaze/microblaze_i/microblaze_0/U0/MicroBlaze_Core_I/Area.Core/Data_Flow_I/Register_File_I/Using_FPGA.Gen_RegFile[30].Register_File_Bit_I/RegFile_X2/Using_FPGA.Native/DP/I (clocked by clk_out1_microblaze_clk_wiz_1_2). Large setup violations at the end of those stages might be difficult to fix during the post-placement implementation flow and could be the result of non-optimal XDC constraints or non-optimal design architecture
Related violations: <none>

TIMING-16#41 Warning
Large setup violation  
There is a large setup violation of -1.231 ns between microblaze/microblaze_i/microblaze_0_local_memory/lmb_bram/U0/inst_blk_mem_gen/gnbram.gnative_mem_map_bmg.native_mem_map_blk_mem_gen/valid.cstr/ramloop[3].ram.r/prim_noinit.ram/DEVICE_7SERIES.WITH_BMM_INFO.TRUE_DP.SIMPLE_PRIM36.TDP_SP36_ECC_ATTR.ram/CLKARDCLK (clocked by clk_out1_microblaze_clk_wiz_1_2) and microblaze/microblaze_i/microblaze_0/U0/MicroBlaze_Core_I/Area.Core/Data_Flow_I/Register_File_I/Using_FPGA.Gen_RegFile[28].Register_File_Bit_I/RegFile_X2/Using_FPGA.Native/DP/I (clocked by clk_out1_microblaze_clk_wiz_1_2). Large setup violations at the end of those stages might be difficult to fix during the post-placement implementation flow and could be the result of non-optimal XDC constraints or non-optimal design architecture
Related violations: <none>

TIMING-16#42 Warning
Large setup violation  
There is a large setup violation of -1.256 ns between microblaze/microblaze_i/microblaze_0_local_memory/lmb_bram/U0/inst_blk_mem_gen/gnbram.gnative_mem_map_bmg.native_mem_map_blk_mem_gen/valid.cstr/ramloop[3].ram.r/prim_noinit.ram/DEVICE_7SERIES.WITH_BMM_INFO.TRUE_DP.SIMPLE_PRIM36.TDP_SP36_ECC_ATTR.ram/CLKARDCLK (clocked by clk_out1_microblaze_clk_wiz_1_2) and microblaze/microblaze_i/microblaze_0/U0/MicroBlaze_Core_I/Area.Core/Data_Flow_I/Operand_Select_I/OpSelect_Bits[25].Operand_Select_Bit_I/Op2_DFF/Using_FPGA.Native/D (clocked by clk_out1_microblaze_clk_wiz_1_2). Large setup violations at the end of those stages might be difficult to fix during the post-placement implementation flow and could be the result of non-optimal XDC constraints or non-optimal design architecture
Related violations: <none>

TIMING-16#43 Warning
Large setup violation  
There is a large setup violation of -1.279 ns between microblaze/microblaze_i/microblaze_0_local_memory/lmb_bram/U0/inst_blk_mem_gen/gnbram.gnative_mem_map_bmg.native_mem_map_blk_mem_gen/valid.cstr/ramloop[3].ram.r/prim_noinit.ram/DEVICE_7SERIES.WITH_BMM_INFO.TRUE_DP.SIMPLE_PRIM36.TDP_SP36_ECC_ATTR.ram/CLKARDCLK (clocked by clk_out1_microblaze_clk_wiz_1_2) and microblaze/microblaze_i/microblaze_0/U0/MicroBlaze_Core_I/Area.Core/Data_Flow_I/Operand_Select_I/OpSelect_Bits[26].Operand_Select_Bit_I/Op2_DFF/Using_FPGA.Native/D (clocked by clk_out1_microblaze_clk_wiz_1_2). Large setup violations at the end of those stages might be difficult to fix during the post-placement implementation flow and could be the result of non-optimal XDC constraints or non-optimal design architecture
Related violations: <none>

TIMING-16#44 Warning
Large setup violation  
There is a large setup violation of -1.283 ns between microblaze/microblaze_i/microblaze_0_local_memory/lmb_bram/U0/inst_blk_mem_gen/gnbram.gnative_mem_map_bmg.native_mem_map_blk_mem_gen/valid.cstr/ramloop[3].ram.r/prim_noinit.ram/DEVICE_7SERIES.WITH_BMM_INFO.TRUE_DP.SIMPLE_PRIM36.TDP_SP36_ECC_ATTR.ram/CLKARDCLK (clocked by clk_out1_microblaze_clk_wiz_1_2) and microblaze/microblaze_i/microblaze_0/U0/MicroBlaze_Core_I/Area.Core/Data_Flow_I/Operand_Select_I/OpSelect_Bits[30].Operand_Select_Bit_I/Op1_Reg_DFF/Using_FPGA.Native/D (clocked by clk_out1_microblaze_clk_wiz_1_2). Large setup violations at the end of those stages might be difficult to fix during the post-placement implementation flow and could be the result of non-optimal XDC constraints or non-optimal design architecture
Related violations: <none>

TIMING-16#45 Warning
Large setup violation  
There is a large setup violation of -1.299 ns between microblaze/microblaze_i/microblaze_0_local_memory/lmb_bram/U0/inst_blk_mem_gen/gnbram.gnative_mem_map_bmg.native_mem_map_blk_mem_gen/valid.cstr/ramloop[3].ram.r/prim_noinit.ram/DEVICE_7SERIES.WITH_BMM_INFO.TRUE_DP.SIMPLE_PRIM36.TDP_SP36_ECC_ATTR.ram/CLKARDCLK (clocked by clk_out1_microblaze_clk_wiz_1_2) and microblaze/microblaze_i/microblaze_0/U0/MicroBlaze_Core_I/Area.Core/Data_Flow_I/Operand_Select_I/OpSelect_Bits[30].Operand_Select_Bit_I/Op1_DFF/Using_FPGA.Native/D (clocked by clk_out1_microblaze_clk_wiz_1_2). Large setup violations at the end of those stages might be difficult to fix during the post-placement implementation flow and could be the result of non-optimal XDC constraints or non-optimal design architecture
Related violations: <none>

TIMING-16#46 Warning
Large setup violation  
There is a large setup violation of -1.363 ns between microblaze/microblaze_i/microblaze_0_local_memory/lmb_bram/U0/inst_blk_mem_gen/gnbram.gnative_mem_map_bmg.native_mem_map_blk_mem_gen/valid.cstr/ramloop[3].ram.r/prim_noinit.ram/DEVICE_7SERIES.WITH_BMM_INFO.TRUE_DP.SIMPLE_PRIM36.TDP_SP36_ECC_ATTR.ram/CLKARDCLK (clocked by clk_out1_microblaze_clk_wiz_1_2) and microblaze/microblaze_i/microblaze_0/U0/MicroBlaze_Core_I/Area.Core/Data_Flow_I/Register_File_I/Using_FPGA.Gen_RegFile[31].Register_File_Bit_I/RegFile_X2/Using_FPGA.Native/DP/I (clocked by clk_out1_microblaze_clk_wiz_1_2). Large setup violations at the end of those stages might be difficult to fix during the post-placement implementation flow and could be the result of non-optimal XDC constraints or non-optimal design architecture
Related violations: <none>

TIMING-18#1 Warning
Missing input or output delay  
An input delay is missing on I2C_SCL relative to the rising and/or falling clock edge(s) of microblaze/microblaze_i/clk_wiz_1/inst/clk_in1.
Related violations: <none>

TIMING-18#2 Warning
Missing input or output delay  
An input delay is missing on I2C_SDA relative to the rising and/or falling clock edge(s) of microblaze/microblaze_i/clk_wiz_1/inst/clk_in1.
Related violations: <none>

TIMING-18#3 Warning
Missing input or output delay  
An input delay is missing on RESET relative to the rising and/or falling clock edge(s) of microblaze/microblaze_i/clk_wiz_1/inst/clk_in1, sys_clk_pin.
Related violations: <none>

TIMING-18#4 Warning
Missing input or output delay  
An input delay is missing on SPI_MISO relative to the rising and/or falling clock edge(s) of microblaze/microblaze_i/clk_wiz_1/inst/clk_in1.
Related violations: <none>

TIMING-18#5 Warning
Missing input or output delay  
An output delay is missing on I2C_SCL relative to the rising and/or falling clock edge(s) of microblaze/microblaze_i/clk_wiz_1/inst/clk_in1.
Related violations: <none>

TIMING-18#6 Warning
Missing input or output delay  
An output delay is missing on I2C_SDA relative to the rising and/or falling clock edge(s) of microblaze/microblaze_i/clk_wiz_1/inst/clk_in1.
Related violations: <none>

TIMING-18#7 Warning
Missing input or output delay  
An output delay is missing on JA_SPI_CLK_DEBUG relative to the rising and/or falling clock edge(s) of microblaze/microblaze_i/clk_wiz_1/inst/clk_in1.
Related violations: <none>

TIMING-18#8 Warning
Missing input or output delay  
An output delay is missing on JA_SPI_CS_DEBUG[0] relative to the rising and/or falling clock edge(s) of microblaze/microblaze_i/clk_wiz_1/inst/clk_in1.
Related violations: <none>

TIMING-18#9 Warning
Missing input or output delay  
An output delay is missing on JA_SPI_MOSI_DEBUG relative to the rising and/or falling clock edge(s) of microblaze/microblaze_i/clk_wiz_1/inst/clk_in1.
Related violations: <none>

TIMING-18#10 Warning
Missing input or output delay  
An output delay is missing on JD_UART_TX_DEBUG relative to the rising and/or falling clock edge(s) of microblaze/microblaze_i/clk_wiz_1/inst/clk_in1.
Related violations: <none>

TIMING-18#11 Warning
Missing input or output delay  
An output delay is missing on LED[0] relative to the rising and/or falling clock edge(s) of microblaze/microblaze_i/clk_wiz_1/inst/clk_in1.
Related violations: <none>

TIMING-18#12 Warning
Missing input or output delay  
An output delay is missing on LED[10] relative to the rising and/or falling clock edge(s) of microblaze/microblaze_i/clk_wiz_1/inst/clk_in1.
Related violations: <none>

TIMING-18#13 Warning
Missing input or output delay  
An output delay is missing on LED[11] relative to the rising and/or falling clock edge(s) of microblaze/microblaze_i/clk_wiz_1/inst/clk_in1.
Related violations: <none>

TIMING-18#14 Warning
Missing input or output delay  
An output delay is missing on LED[12] relative to the rising and/or falling clock edge(s) of microblaze/microblaze_i/clk_wiz_1/inst/clk_in1.
Related violations: <none>

TIMING-18#15 Warning
Missing input or output delay  
An output delay is missing on LED[13] relative to the rising and/or falling clock edge(s) of microblaze/microblaze_i/clk_wiz_1/inst/clk_in1.
Related violations: <none>

TIMING-18#16 Warning
Missing input or output delay  
An output delay is missing on LED[14] relative to the rising and/or falling clock edge(s) of microblaze/microblaze_i/clk_wiz_1/inst/clk_in1.
Related violations: <none>

TIMING-18#17 Warning
Missing input or output delay  
An output delay is missing on LED[15] relative to the rising and/or falling clock edge(s) of microblaze/microblaze_i/clk_wiz_1/inst/clk_in1.
Related violations: <none>

TIMING-18#18 Warning
Missing input or output delay  
An output delay is missing on LED[1] relative to the rising and/or falling clock edge(s) of microblaze/microblaze_i/clk_wiz_1/inst/clk_in1.
Related violations: <none>

TIMING-18#19 Warning
Missing input or output delay  
An output delay is missing on LED[2] relative to the rising and/or falling clock edge(s) of microblaze/microblaze_i/clk_wiz_1/inst/clk_in1.
Related violations: <none>

TIMING-18#20 Warning
Missing input or output delay  
An output delay is missing on LED[3] relative to the rising and/or falling clock edge(s) of microblaze/microblaze_i/clk_wiz_1/inst/clk_in1.
Related violations: <none>

TIMING-18#21 Warning
Missing input or output delay  
An output delay is missing on LED[4] relative to the rising and/or falling clock edge(s) of microblaze/microblaze_i/clk_wiz_1/inst/clk_in1.
Related violations: <none>

TIMING-18#22 Warning
Missing input or output delay  
An output delay is missing on LED[5] relative to the rising and/or falling clock edge(s) of microblaze/microblaze_i/clk_wiz_1/inst/clk_in1.
Related violations: <none>

TIMING-18#23 Warning
Missing input or output delay  
An output delay is missing on LED[6] relative to the rising and/or falling clock edge(s) of microblaze/microblaze_i/clk_wiz_1/inst/clk_in1.
Related violations: <none>

TIMING-18#24 Warning
Missing input or output delay  
An output delay is missing on LED[7] relative to the rising and/or falling clock edge(s) of microblaze/microblaze_i/clk_wiz_1/inst/clk_in1.
Related violations: <none>

TIMING-18#25 Warning
Missing input or output delay  
An output delay is missing on LED[8] relative to the rising and/or falling clock edge(s) of microblaze/microblaze_i/clk_wiz_1/inst/clk_in1.
Related violations: <none>

TIMING-18#26 Warning
Missing input or output delay  
An output delay is missing on LED[9] relative to the rising and/or falling clock edge(s) of microblaze/microblaze_i/clk_wiz_1/inst/clk_in1.
Related violations: <none>

TIMING-18#27 Warning
Missing input or output delay  
An output delay is missing on SPI_CLK relative to the rising and/or falling clock edge(s) of microblaze/microblaze_i/clk_wiz_1/inst/clk_in1.
Related violations: <none>

TIMING-18#28 Warning
Missing input or output delay  
An output delay is missing on SPI_CS[0] relative to the rising and/or falling clock edge(s) of microblaze/microblaze_i/clk_wiz_1/inst/clk_in1.
Related violations: <none>

TIMING-18#29 Warning
Missing input or output delay  
An output delay is missing on SPI_MOSI relative to the rising and/or falling clock edge(s) of microblaze/microblaze_i/clk_wiz_1/inst/clk_in1.
Related violations: <none>

TIMING-18#30 Warning
Missing input or output delay  
An output delay is missing on USB_UART_TX relative to the rising and/or falling clock edge(s) of microblaze/microblaze_i/clk_wiz_1/inst/clk_in1.
Related violations: <none>


