
*** Running vivado
    with args -log microblaze_axi_gpio_2_0.vds -m64 -product Vivado -mode batch -messageDb vivado.pb -notrace -source microblaze_axi_gpio_2_0.tcl


****** Vivado v2025.1 (64-bit)
  **** SW Build 6140274 on Wed May 21 22:58:25 MDT 2025
  **** IP Build 6138677 on Thu May 22 03:10:11 MDT 2025
  **** SharedData Build 6139179 on Tue May 20 17:58:58 MDT 2025
  **** Start of session at: Sun Aug  3 19:29:51 2025
    ** Copyright 1986-2022 Xilinx, Inc. All Rights Reserved.
    ** Copyright 2022-2025 Advanced Micro Devices, Inc. All Rights Reserved.

source microblaze_axi_gpio_2_0.tcl -notrace
Command: synth_design -top microblaze_axi_gpio_2_0 -part xc7a100tcsg324-1 -incremental_mode off -mode out_of_context
Starting synth_design
Attempting to get a license for feature 'Synthesis' and/or device 'xc7a100t'
INFO: [Common 17-349] Got license for feature 'Synthesis' and/or device 'xc7a100t'
INFO: [Device 21-403] Loading part xc7a100tcsg324-1
INFO: [Synth 8-7079] Multithreading enabled for synth_design using a maximum of 7 processes.
INFO: [Synth 8-7078] Launching helper process for spawning children vivado processes
INFO: [Synth 8-7075] Helper process launched with PID 22152
---------------------------------------------------------------------------------
Starting RTL Elaboration : Time (s): cpu = 00:00:02 ; elapsed = 00:00:02 . Memory (MB): peak = 2398.371 ; gain = 184.773 ; free physical = 47881 ; free virtual = 60847
---------------------------------------------------------------------------------
INFO: [Synth 8-638] synthesizing module 'microblaze_axi_gpio_2_0' [/home/ck/Desktop/Workspace/FPGA_Workspace/VIVADO_PROJECTS/XC7A100T_Microblaze/XC7A100T_Microblaze.gen/sources_1/bd/microblaze/ip/microblaze_axi_gpio_2_0/synth/microblaze_axi_gpio_2_0.vhd:85]
	Parameter C_FAMILY bound to: artix7 - type: string 
	Parameter C_S_AXI_ADDR_WIDTH bound to: 9 - type: integer 
	Parameter C_S_AXI_DATA_WIDTH bound to: 32 - type: integer 
	Parameter C_GPIO_WIDTH bound to: 2 - type: integer 
	Parameter C_GPIO2_WIDTH bound to: 32 - type: integer 
	Parameter C_ALL_INPUTS bound to: 1 - type: integer 
	Parameter C_ALL_INPUTS_2 bound to: 0 - type: integer 
	Parameter C_ALL_OUTPUTS bound to: 0 - type: integer 
	Parameter C_ALL_OUTPUTS_2 bound to: 0 - type: integer 
	Parameter C_INTERRUPT_PRESENT bound to: 1 - type: integer 
	Parameter C_DOUT_DEFAULT bound to: 32'b00000000000000000000000000000000 
	Parameter C_TRI_DEFAULT bound to: 32'b11111111111111111111111111111111 
	Parameter C_IS_DUAL bound to: 0 - type: integer 
	Parameter C_DOUT_DEFAULT_2 bound to: 32'b00000000000000000000000000000000 
	Parameter C_TRI_DEFAULT_2 bound to: 32'b11111111111111111111111111111111 
INFO: [Synth 8-3491] module 'axi_gpio' declared at '/home/ck/Desktop/Workspace/FPGA_Workspace/VIVADO_PROJECTS/XC7A100T_Microblaze/XC7A100T_Microblaze.gen/sources_1/bd/microblaze/ipshared/0271/hdl/axi_gpio_v2_0_vh_rfs.vhd:1255' bound to instance 'U0' of component 'axi_gpio' [/home/ck/Desktop/Workspace/FPGA_Workspace/VIVADO_PROJECTS/XC7A100T_Microblaze/XC7A100T_Microblaze.gen/sources_1/bd/microblaze/ip/microblaze_axi_gpio_2_0/synth/microblaze_axi_gpio_2_0.vhd:177]
INFO: [Synth 8-638] synthesizing module 'axi_gpio' [/home/ck/Desktop/Workspace/FPGA_Workspace/VIVADO_PROJECTS/XC7A100T_Microblaze/XC7A100T_Microblaze.gen/sources_1/bd/microblaze/ipshared/0271/hdl/axi_gpio_v2_0_vh_rfs.vhd:1341]
INFO: [Synth 8-638] synthesizing module 'axi_lite_ipif' [/home/ck/Desktop/Workspace/FPGA_Workspace/VIVADO_PROJECTS/XC7A100T_Microblaze/XC7A100T_Microblaze.gen/sources_1/bd/microblaze/ipshared/66ea/hdl/axi_lite_ipif_v3_0_vh_rfs.vhd:2948]
INFO: [Synth 8-638] synthesizing module 'slave_attachment' [/home/ck/Desktop/Workspace/FPGA_Workspace/VIVADO_PROJECTS/XC7A100T_Microblaze/XC7A100T_Microblaze.gen/sources_1/bd/microblaze/ipshared/66ea/hdl/axi_lite_ipif_v3_0_vh_rfs.vhd:2341]
INFO: [Synth 8-638] synthesizing module 'address_decoder' [/home/ck/Desktop/Workspace/FPGA_Workspace/VIVADO_PROJECTS/XC7A100T_Microblaze/XC7A100T_Microblaze.gen/sources_1/bd/microblaze/ipshared/66ea/hdl/axi_lite_ipif_v3_0_vh_rfs.vhd:1775]
INFO: [Synth 8-638] synthesizing module 'pselect_f' [/home/ck/Desktop/Workspace/FPGA_Workspace/VIVADO_PROJECTS/XC7A100T_Microblaze/XC7A100T_Microblaze.gen/sources_1/bd/microblaze/ipshared/66ea/hdl/axi_lite_ipif_v3_0_vh_rfs.vhd:1534]
INFO: [Synth 8-256] done synthesizing module 'pselect_f' (0#1) [/home/ck/Desktop/Workspace/FPGA_Workspace/VIVADO_PROJECTS/XC7A100T_Microblaze/XC7A100T_Microblaze.gen/sources_1/bd/microblaze/ipshared/66ea/hdl/axi_lite_ipif_v3_0_vh_rfs.vhd:1534]
INFO: [Synth 8-638] synthesizing module 'pselect_f__parameterized0' [/home/ck/Desktop/Workspace/FPGA_Workspace/VIVADO_PROJECTS/XC7A100T_Microblaze/XC7A100T_Microblaze.gen/sources_1/bd/microblaze/ipshared/66ea/hdl/axi_lite_ipif_v3_0_vh_rfs.vhd:1534]
INFO: [Synth 8-256] done synthesizing module 'pselect_f__parameterized0' (0#1) [/home/ck/Desktop/Workspace/FPGA_Workspace/VIVADO_PROJECTS/XC7A100T_Microblaze/XC7A100T_Microblaze.gen/sources_1/bd/microblaze/ipshared/66ea/hdl/axi_lite_ipif_v3_0_vh_rfs.vhd:1534]
INFO: [Synth 8-638] synthesizing module 'pselect_f__parameterized1' [/home/ck/Desktop/Workspace/FPGA_Workspace/VIVADO_PROJECTS/XC7A100T_Microblaze/XC7A100T_Microblaze.gen/sources_1/bd/microblaze/ipshared/66ea/hdl/axi_lite_ipif_v3_0_vh_rfs.vhd:1534]
INFO: [Synth 8-256] done synthesizing module 'pselect_f__parameterized1' (0#1) [/home/ck/Desktop/Workspace/FPGA_Workspace/VIVADO_PROJECTS/XC7A100T_Microblaze/XC7A100T_Microblaze.gen/sources_1/bd/microblaze/ipshared/66ea/hdl/axi_lite_ipif_v3_0_vh_rfs.vhd:1534]
INFO: [Synth 8-638] synthesizing module 'pselect_f__parameterized2' [/home/ck/Desktop/Workspace/FPGA_Workspace/VIVADO_PROJECTS/XC7A100T_Microblaze/XC7A100T_Microblaze.gen/sources_1/bd/microblaze/ipshared/66ea/hdl/axi_lite_ipif_v3_0_vh_rfs.vhd:1534]
INFO: [Synth 8-256] done synthesizing module 'pselect_f__parameterized2' (0#1) [/home/ck/Desktop/Workspace/FPGA_Workspace/VIVADO_PROJECTS/XC7A100T_Microblaze/XC7A100T_Microblaze.gen/sources_1/bd/microblaze/ipshared/66ea/hdl/axi_lite_ipif_v3_0_vh_rfs.vhd:1534]
INFO: [Synth 8-638] synthesizing module 'pselect_f__parameterized3' [/home/ck/Desktop/Workspace/FPGA_Workspace/VIVADO_PROJECTS/XC7A100T_Microblaze/XC7A100T_Microblaze.gen/sources_1/bd/microblaze/ipshared/66ea/hdl/axi_lite_ipif_v3_0_vh_rfs.vhd:1534]
INFO: [Synth 8-256] done synthesizing module 'pselect_f__parameterized3' (0#1) [/home/ck/Desktop/Workspace/FPGA_Workspace/VIVADO_PROJECTS/XC7A100T_Microblaze/XC7A100T_Microblaze.gen/sources_1/bd/microblaze/ipshared/66ea/hdl/axi_lite_ipif_v3_0_vh_rfs.vhd:1534]
INFO: [Synth 8-638] synthesizing module 'pselect_f__parameterized4' [/home/ck/Desktop/Workspace/FPGA_Workspace/VIVADO_PROJECTS/XC7A100T_Microblaze/XC7A100T_Microblaze.gen/sources_1/bd/microblaze/ipshared/66ea/hdl/axi_lite_ipif_v3_0_vh_rfs.vhd:1534]
INFO: [Synth 8-256] done synthesizing module 'pselect_f__parameterized4' (0#1) [/home/ck/Desktop/Workspace/FPGA_Workspace/VIVADO_PROJECTS/XC7A100T_Microblaze/XC7A100T_Microblaze.gen/sources_1/bd/microblaze/ipshared/66ea/hdl/axi_lite_ipif_v3_0_vh_rfs.vhd:1534]
INFO: [Synth 8-638] synthesizing module 'pselect_f__parameterized5' [/home/ck/Desktop/Workspace/FPGA_Workspace/VIVADO_PROJECTS/XC7A100T_Microblaze/XC7A100T_Microblaze.gen/sources_1/bd/microblaze/ipshared/66ea/hdl/axi_lite_ipif_v3_0_vh_rfs.vhd:1534]
INFO: [Synth 8-256] done synthesizing module 'pselect_f__parameterized5' (0#1) [/home/ck/Desktop/Workspace/FPGA_Workspace/VIVADO_PROJECTS/XC7A100T_Microblaze/XC7A100T_Microblaze.gen/sources_1/bd/microblaze/ipshared/66ea/hdl/axi_lite_ipif_v3_0_vh_rfs.vhd:1534]
INFO: [Synth 8-638] synthesizing module 'pselect_f__parameterized6' [/home/ck/Desktop/Workspace/FPGA_Workspace/VIVADO_PROJECTS/XC7A100T_Microblaze/XC7A100T_Microblaze.gen/sources_1/bd/microblaze/ipshared/66ea/hdl/axi_lite_ipif_v3_0_vh_rfs.vhd:1534]
INFO: [Synth 8-256] done synthesizing module 'pselect_f__parameterized6' (0#1) [/home/ck/Desktop/Workspace/FPGA_Workspace/VIVADO_PROJECTS/XC7A100T_Microblaze/XC7A100T_Microblaze.gen/sources_1/bd/microblaze/ipshared/66ea/hdl/axi_lite_ipif_v3_0_vh_rfs.vhd:1534]
INFO: [Synth 8-638] synthesizing module 'pselect_f__parameterized7' [/home/ck/Desktop/Workspace/FPGA_Workspace/VIVADO_PROJECTS/XC7A100T_Microblaze/XC7A100T_Microblaze.gen/sources_1/bd/microblaze/ipshared/66ea/hdl/axi_lite_ipif_v3_0_vh_rfs.vhd:1534]
INFO: [Synth 8-256] done synthesizing module 'pselect_f__parameterized7' (0#1) [/home/ck/Desktop/Workspace/FPGA_Workspace/VIVADO_PROJECTS/XC7A100T_Microblaze/XC7A100T_Microblaze.gen/sources_1/bd/microblaze/ipshared/66ea/hdl/axi_lite_ipif_v3_0_vh_rfs.vhd:1534]
INFO: [Synth 8-638] synthesizing module 'pselect_f__parameterized8' [/home/ck/Desktop/Workspace/FPGA_Workspace/VIVADO_PROJECTS/XC7A100T_Microblaze/XC7A100T_Microblaze.gen/sources_1/bd/microblaze/ipshared/66ea/hdl/axi_lite_ipif_v3_0_vh_rfs.vhd:1534]
INFO: [Synth 8-256] done synthesizing module 'pselect_f__parameterized8' (0#1) [/home/ck/Desktop/Workspace/FPGA_Workspace/VIVADO_PROJECTS/XC7A100T_Microblaze/XC7A100T_Microblaze.gen/sources_1/bd/microblaze/ipshared/66ea/hdl/axi_lite_ipif_v3_0_vh_rfs.vhd:1534]
INFO: [Synth 8-638] synthesizing module 'pselect_f__parameterized9' [/home/ck/Desktop/Workspace/FPGA_Workspace/VIVADO_PROJECTS/XC7A100T_Microblaze/XC7A100T_Microblaze.gen/sources_1/bd/microblaze/ipshared/66ea/hdl/axi_lite_ipif_v3_0_vh_rfs.vhd:1534]
INFO: [Synth 8-256] done synthesizing module 'pselect_f__parameterized9' (0#1) [/home/ck/Desktop/Workspace/FPGA_Workspace/VIVADO_PROJECTS/XC7A100T_Microblaze/XC7A100T_Microblaze.gen/sources_1/bd/microblaze/ipshared/66ea/hdl/axi_lite_ipif_v3_0_vh_rfs.vhd:1534]
INFO: [Synth 8-638] synthesizing module 'pselect_f__parameterized10' [/home/ck/Desktop/Workspace/FPGA_Workspace/VIVADO_PROJECTS/XC7A100T_Microblaze/XC7A100T_Microblaze.gen/sources_1/bd/microblaze/ipshared/66ea/hdl/axi_lite_ipif_v3_0_vh_rfs.vhd:1534]
INFO: [Synth 8-256] done synthesizing module 'pselect_f__parameterized10' (0#1) [/home/ck/Desktop/Workspace/FPGA_Workspace/VIVADO_PROJECTS/XC7A100T_Microblaze/XC7A100T_Microblaze.gen/sources_1/bd/microblaze/ipshared/66ea/hdl/axi_lite_ipif_v3_0_vh_rfs.vhd:1534]
INFO: [Synth 8-638] synthesizing module 'pselect_f__parameterized11' [/home/ck/Desktop/Workspace/FPGA_Workspace/VIVADO_PROJECTS/XC7A100T_Microblaze/XC7A100T_Microblaze.gen/sources_1/bd/microblaze/ipshared/66ea/hdl/axi_lite_ipif_v3_0_vh_rfs.vhd:1534]
INFO: [Synth 8-256] done synthesizing module 'pselect_f__parameterized11' (0#1) [/home/ck/Desktop/Workspace/FPGA_Workspace/VIVADO_PROJECTS/XC7A100T_Microblaze/XC7A100T_Microblaze.gen/sources_1/bd/microblaze/ipshared/66ea/hdl/axi_lite_ipif_v3_0_vh_rfs.vhd:1534]
INFO: [Synth 8-638] synthesizing module 'pselect_f__parameterized12' [/home/ck/Desktop/Workspace/FPGA_Workspace/VIVADO_PROJECTS/XC7A100T_Microblaze/XC7A100T_Microblaze.gen/sources_1/bd/microblaze/ipshared/66ea/hdl/axi_lite_ipif_v3_0_vh_rfs.vhd:1534]
INFO: [Synth 8-256] done synthesizing module 'pselect_f__parameterized12' (0#1) [/home/ck/Desktop/Workspace/FPGA_Workspace/VIVADO_PROJECTS/XC7A100T_Microblaze/XC7A100T_Microblaze.gen/sources_1/bd/microblaze/ipshared/66ea/hdl/axi_lite_ipif_v3_0_vh_rfs.vhd:1534]
INFO: [Synth 8-638] synthesizing module 'pselect_f__parameterized13' [/home/ck/Desktop/Workspace/FPGA_Workspace/VIVADO_PROJECTS/XC7A100T_Microblaze/XC7A100T_Microblaze.gen/sources_1/bd/microblaze/ipshared/66ea/hdl/axi_lite_ipif_v3_0_vh_rfs.vhd:1534]
INFO: [Synth 8-256] done synthesizing module 'pselect_f__parameterized13' (0#1) [/home/ck/Desktop/Workspace/FPGA_Workspace/VIVADO_PROJECTS/XC7A100T_Microblaze/XC7A100T_Microblaze.gen/sources_1/bd/microblaze/ipshared/66ea/hdl/axi_lite_ipif_v3_0_vh_rfs.vhd:1534]
INFO: [Synth 8-638] synthesizing module 'pselect_f__parameterized14' [/home/ck/Desktop/Workspace/FPGA_Workspace/VIVADO_PROJECTS/XC7A100T_Microblaze/XC7A100T_Microblaze.gen/sources_1/bd/microblaze/ipshared/66ea/hdl/axi_lite_ipif_v3_0_vh_rfs.vhd:1534]
INFO: [Synth 8-256] done synthesizing module 'pselect_f__parameterized14' (0#1) [/home/ck/Desktop/Workspace/FPGA_Workspace/VIVADO_PROJECTS/XC7A100T_Microblaze/XC7A100T_Microblaze.gen/sources_1/bd/microblaze/ipshared/66ea/hdl/axi_lite_ipif_v3_0_vh_rfs.vhd:1534]
INFO: [Synth 8-638] synthesizing module 'pselect_f__parameterized15' [/home/ck/Desktop/Workspace/FPGA_Workspace/VIVADO_PROJECTS/XC7A100T_Microblaze/XC7A100T_Microblaze.gen/sources_1/bd/microblaze/ipshared/66ea/hdl/axi_lite_ipif_v3_0_vh_rfs.vhd:1534]
INFO: [Synth 8-256] done synthesizing module 'pselect_f__parameterized15' (0#1) [/home/ck/Desktop/Workspace/FPGA_Workspace/VIVADO_PROJECTS/XC7A100T_Microblaze/XC7A100T_Microblaze.gen/sources_1/bd/microblaze/ipshared/66ea/hdl/axi_lite_ipif_v3_0_vh_rfs.vhd:1534]
INFO: [Synth 8-638] synthesizing module 'pselect_f__parameterized16' [/home/ck/Desktop/Workspace/FPGA_Workspace/VIVADO_PROJECTS/XC7A100T_Microblaze/XC7A100T_Microblaze.gen/sources_1/bd/microblaze/ipshared/66ea/hdl/axi_lite_ipif_v3_0_vh_rfs.vhd:1534]
INFO: [Synth 8-256] done synthesizing module 'pselect_f__parameterized16' (0#1) [/home/ck/Desktop/Workspace/FPGA_Workspace/VIVADO_PROJECTS/XC7A100T_Microblaze/XC7A100T_Microblaze.gen/sources_1/bd/microblaze/ipshared/66ea/hdl/axi_lite_ipif_v3_0_vh_rfs.vhd:1534]
INFO: [Synth 8-638] synthesizing module 'pselect_f__parameterized17' [/home/ck/Desktop/Workspace/FPGA_Workspace/VIVADO_PROJECTS/XC7A100T_Microblaze/XC7A100T_Microblaze.gen/sources_1/bd/microblaze/ipshared/66ea/hdl/axi_lite_ipif_v3_0_vh_rfs.vhd:1534]
INFO: [Synth 8-256] done synthesizing module 'pselect_f__parameterized17' (0#1) [/home/ck/Desktop/Workspace/FPGA_Workspace/VIVADO_PROJECTS/XC7A100T_Microblaze/XC7A100T_Microblaze.gen/sources_1/bd/microblaze/ipshared/66ea/hdl/axi_lite_ipif_v3_0_vh_rfs.vhd:1534]
INFO: [Synth 8-638] synthesizing module 'pselect_f__parameterized18' [/home/ck/Desktop/Workspace/FPGA_Workspace/VIVADO_PROJECTS/XC7A100T_Microblaze/XC7A100T_Microblaze.gen/sources_1/bd/microblaze/ipshared/66ea/hdl/axi_lite_ipif_v3_0_vh_rfs.vhd:1534]
INFO: [Synth 8-256] done synthesizing module 'pselect_f__parameterized18' (0#1) [/home/ck/Desktop/Workspace/FPGA_Workspace/VIVADO_PROJECTS/XC7A100T_Microblaze/XC7A100T_Microblaze.gen/sources_1/bd/microblaze/ipshared/66ea/hdl/axi_lite_ipif_v3_0_vh_rfs.vhd:1534]
INFO: [Synth 8-638] synthesizing module 'pselect_f__parameterized19' [/home/ck/Desktop/Workspace/FPGA_Workspace/VIVADO_PROJECTS/XC7A100T_Microblaze/XC7A100T_Microblaze.gen/sources_1/bd/microblaze/ipshared/66ea/hdl/axi_lite_ipif_v3_0_vh_rfs.vhd:1534]
INFO: [Synth 8-256] done synthesizing module 'pselect_f__parameterized19' (0#1) [/home/ck/Desktop/Workspace/FPGA_Workspace/VIVADO_PROJECTS/XC7A100T_Microblaze/XC7A100T_Microblaze.gen/sources_1/bd/microblaze/ipshared/66ea/hdl/axi_lite_ipif_v3_0_vh_rfs.vhd:1534]
INFO: [Synth 8-638] synthesizing module 'pselect_f__parameterized20' [/home/ck/Desktop/Workspace/FPGA_Workspace/VIVADO_PROJECTS/XC7A100T_Microblaze/XC7A100T_Microblaze.gen/sources_1/bd/microblaze/ipshared/66ea/hdl/axi_lite_ipif_v3_0_vh_rfs.vhd:1534]
INFO: [Synth 8-256] done synthesizing module 'pselect_f__parameterized20' (0#1) [/home/ck/Desktop/Workspace/FPGA_Workspace/VIVADO_PROJECTS/XC7A100T_Microblaze/XC7A100T_Microblaze.gen/sources_1/bd/microblaze/ipshared/66ea/hdl/axi_lite_ipif_v3_0_vh_rfs.vhd:1534]
INFO: [Synth 8-256] done synthesizing module 'address_decoder' (0#1) [/home/ck/Desktop/Workspace/FPGA_Workspace/VIVADO_PROJECTS/XC7A100T_Microblaze/XC7A100T_Microblaze.gen/sources_1/bd/microblaze/ipshared/66ea/hdl/axi_lite_ipif_v3_0_vh_rfs.vhd:1775]
INFO: [Synth 8-226] default block is never used [/home/ck/Desktop/Workspace/FPGA_Workspace/VIVADO_PROJECTS/XC7A100T_Microblaze/XC7A100T_Microblaze.gen/sources_1/bd/microblaze/ipshared/66ea/hdl/axi_lite_ipif_v3_0_vh_rfs.vhd:2550]
INFO: [Synth 8-256] done synthesizing module 'slave_attachment' (0#1) [/home/ck/Desktop/Workspace/FPGA_Workspace/VIVADO_PROJECTS/XC7A100T_Microblaze/XC7A100T_Microblaze.gen/sources_1/bd/microblaze/ipshared/66ea/hdl/axi_lite_ipif_v3_0_vh_rfs.vhd:2341]
INFO: [Synth 8-256] done synthesizing module 'axi_lite_ipif' (0#1) [/home/ck/Desktop/Workspace/FPGA_Workspace/VIVADO_PROJECTS/XC7A100T_Microblaze/XC7A100T_Microblaze.gen/sources_1/bd/microblaze/ipshared/66ea/hdl/axi_lite_ipif_v3_0_vh_rfs.vhd:2948]
INFO: [Synth 8-638] synthesizing module 'interrupt_control' [/home/ck/Desktop/Workspace/FPGA_Workspace/VIVADO_PROJECTS/XC7A100T_Microblaze/XC7A100T_Microblaze.gen/sources_1/bd/microblaze/ipshared/d8cc/hdl/interrupt_control_v3_1_vh_rfs.vhd:257]
INFO: [Synth 8-256] done synthesizing module 'interrupt_control' (0#1) [/home/ck/Desktop/Workspace/FPGA_Workspace/VIVADO_PROJECTS/XC7A100T_Microblaze/XC7A100T_Microblaze.gen/sources_1/bd/microblaze/ipshared/d8cc/hdl/interrupt_control_v3_1_vh_rfs.vhd:257]
INFO: [Synth 8-638] synthesizing module 'GPIO_Core' [/home/ck/Desktop/Workspace/FPGA_Workspace/VIVADO_PROJECTS/XC7A100T_Microblaze/XC7A100T_Microblaze.gen/sources_1/bd/microblaze/ipshared/0271/hdl/axi_gpio_v2_0_vh_rfs.vhd:182]
INFO: [Synth 8-226] default block is never used [/home/ck/Desktop/Workspace/FPGA_Workspace/VIVADO_PROJECTS/XC7A100T_Microblaze/XC7A100T_Microblaze.gen/sources_1/bd/microblaze/ipshared/0271/hdl/axi_gpio_v2_0_vh_rfs.vhd:447]
	Parameter DEST_SYNC_FF bound to: 4 - type: integer 
	Parameter INIT_SYNC_FF bound to: 0 - type: integer 
	Parameter SIM_ASSERT_CHK bound to: 0 - type: integer 
	Parameter SRC_INPUT_REG bound to: 0 - type: integer 
	Parameter WIDTH bound to: 2 - type: integer 
INFO: [Synth 8-3491] module 'xpm_cdc_array_single' declared at '/tools/Xilinx/2025.1/Vivado/data/ip/xpm/xpm_cdc/hdl/xpm_cdc.sv:903' bound to instance 'INPUT_DOUBLE_REGS3' of component 'xpm_cdc_array_single' [/home/ck/Desktop/Workspace/FPGA_Workspace/VIVADO_PROJECTS/XC7A100T_Microblaze/XC7A100T_Microblaze.gen/sources_1/bd/microblaze/ipshared/0271/hdl/axi_gpio_v2_0_vh_rfs.vhd:458]
INFO: [Synth 8-6157] synthesizing module 'xpm_cdc_array_single' [/tools/Xilinx/2025.1/Vivado/data/ip/xpm/xpm_cdc/hdl/xpm_cdc.sv:903]
INFO: [Synth 8-6155] done synthesizing module 'xpm_cdc_array_single' (0#1) [/tools/Xilinx/2025.1/Vivado/data/ip/xpm/xpm_cdc/hdl/xpm_cdc.sv:903]
INFO: [Synth 8-256] done synthesizing module 'GPIO_Core' (0#1) [/home/ck/Desktop/Workspace/FPGA_Workspace/VIVADO_PROJECTS/XC7A100T_Microblaze/XC7A100T_Microblaze.gen/sources_1/bd/microblaze/ipshared/0271/hdl/axi_gpio_v2_0_vh_rfs.vhd:182]
INFO: [Synth 8-256] done synthesizing module 'axi_gpio' (0#1) [/home/ck/Desktop/Workspace/FPGA_Workspace/VIVADO_PROJECTS/XC7A100T_Microblaze/XC7A100T_Microblaze.gen/sources_1/bd/microblaze/ipshared/0271/hdl/axi_gpio_v2_0_vh_rfs.vhd:1341]
INFO: [Synth 8-256] done synthesizing module 'microblaze_axi_gpio_2_0' (0#1) [/home/ck/Desktop/Workspace/FPGA_Workspace/VIVADO_PROJECTS/XC7A100T_Microblaze/XC7A100T_Microblaze.gen/sources_1/bd/microblaze/ip/microblaze_axi_gpio_2_0/synth/microblaze_axi_gpio_2_0.vhd:85]
WARNING: [Synth 8-6014] Unused sequential element Not_Dual.ALLIN1_ND.READ_REG_GEN[0].GPIO_DBus_i_reg was removed.  [/home/ck/Desktop/Workspace/FPGA_Workspace/VIVADO_PROJECTS/XC7A100T_Microblaze/XC7A100T_Microblaze.gen/sources_1/bd/microblaze/ipshared/0271/hdl/axi_gpio_v2_0_vh_rfs.vhd:355]
WARNING: [Synth 8-6014] Unused sequential element Not_Dual.ALLIN1_ND.READ_REG_GEN[1].GPIO_DBus_i_reg was removed.  [/home/ck/Desktop/Workspace/FPGA_Workspace/VIVADO_PROJECTS/XC7A100T_Microblaze/XC7A100T_Microblaze.gen/sources_1/bd/microblaze/ipshared/0271/hdl/axi_gpio_v2_0_vh_rfs.vhd:355]
WARNING: [Synth 8-7129] Port src_clk in module xpm_cdc_array_single is either unconnected or has no load
WARNING: [Synth 8-7129] Port ABus_Reg[1] in module GPIO_Core is either unconnected or has no load
WARNING: [Synth 8-7129] Port ABus_Reg[2] in module GPIO_Core is either unconnected or has no load
WARNING: [Synth 8-7129] Port ABus_Reg[3] in module GPIO_Core is either unconnected or has no load
WARNING: [Synth 8-7129] Port ABus_Reg[4] in module GPIO_Core is either unconnected or has no load
WARNING: [Synth 8-7129] Port ABus_Reg[7] in module GPIO_Core is either unconnected or has no load
WARNING: [Synth 8-7129] Port ABus_Reg[8] in module GPIO_Core is either unconnected or has no load
WARNING: [Synth 8-7129] Port BE_Reg[0] in module GPIO_Core is either unconnected or has no load
WARNING: [Synth 8-7129] Port BE_Reg[1] in module GPIO_Core is either unconnected or has no load
WARNING: [Synth 8-7129] Port BE_Reg[2] in module GPIO_Core is either unconnected or has no load
WARNING: [Synth 8-7129] Port BE_Reg[3] in module GPIO_Core is either unconnected or has no load
WARNING: [Synth 8-7129] Port GPIO2_IO_I[0] in module GPIO_Core is either unconnected or has no load
WARNING: [Synth 8-7129] Port GPIO2_IO_I[1] in module GPIO_Core is either unconnected or has no load
WARNING: [Synth 8-7129] Port GPIO2_IO_I[2] in module GPIO_Core is either unconnected or has no load
WARNING: [Synth 8-7129] Port GPIO2_IO_I[3] in module GPIO_Core is either unconnected or has no load
WARNING: [Synth 8-7129] Port GPIO2_IO_I[4] in module GPIO_Core is either unconnected or has no load
WARNING: [Synth 8-7129] Port GPIO2_IO_I[5] in module GPIO_Core is either unconnected or has no load
WARNING: [Synth 8-7129] Port GPIO2_IO_I[6] in module GPIO_Core is either unconnected or has no load
WARNING: [Synth 8-7129] Port GPIO2_IO_I[7] in module GPIO_Core is either unconnected or has no load
WARNING: [Synth 8-7129] Port GPIO2_IO_I[8] in module GPIO_Core is either unconnected or has no load
WARNING: [Synth 8-7129] Port GPIO2_IO_I[9] in module GPIO_Core is either unconnected or has no load
WARNING: [Synth 8-7129] Port GPIO2_IO_I[10] in module GPIO_Core is either unconnected or has no load
WARNING: [Synth 8-7129] Port GPIO2_IO_I[11] in module GPIO_Core is either unconnected or has no load
WARNING: [Synth 8-7129] Port GPIO2_IO_I[12] in module GPIO_Core is either unconnected or has no load
WARNING: [Synth 8-7129] Port GPIO2_IO_I[13] in module GPIO_Core is either unconnected or has no load
WARNING: [Synth 8-7129] Port GPIO2_IO_I[14] in module GPIO_Core is either unconnected or has no load
WARNING: [Synth 8-7129] Port GPIO2_IO_I[15] in module GPIO_Core is either unconnected or has no load
WARNING: [Synth 8-7129] Port GPIO2_IO_I[16] in module GPIO_Core is either unconnected or has no load
WARNING: [Synth 8-7129] Port GPIO2_IO_I[17] in module GPIO_Core is either unconnected or has no load
WARNING: [Synth 8-7129] Port GPIO2_IO_I[18] in module GPIO_Core is either unconnected or has no load
WARNING: [Synth 8-7129] Port GPIO2_IO_I[19] in module GPIO_Core is either unconnected or has no load
WARNING: [Synth 8-7129] Port GPIO2_IO_I[20] in module GPIO_Core is either unconnected or has no load
WARNING: [Synth 8-7129] Port GPIO2_IO_I[21] in module GPIO_Core is either unconnected or has no load
WARNING: [Synth 8-7129] Port GPIO2_IO_I[22] in module GPIO_Core is either unconnected or has no load
WARNING: [Synth 8-7129] Port GPIO2_IO_I[23] in module GPIO_Core is either unconnected or has no load
WARNING: [Synth 8-7129] Port GPIO2_IO_I[24] in module GPIO_Core is either unconnected or has no load
WARNING: [Synth 8-7129] Port GPIO2_IO_I[25] in module GPIO_Core is either unconnected or has no load
WARNING: [Synth 8-7129] Port GPIO2_IO_I[26] in module GPIO_Core is either unconnected or has no load
WARNING: [Synth 8-7129] Port GPIO2_IO_I[27] in module GPIO_Core is either unconnected or has no load
WARNING: [Synth 8-7129] Port GPIO2_IO_I[28] in module GPIO_Core is either unconnected or has no load
WARNING: [Synth 8-7129] Port GPIO2_IO_I[29] in module GPIO_Core is either unconnected or has no load
WARNING: [Synth 8-7129] Port GPIO2_IO_I[30] in module GPIO_Core is either unconnected or has no load
WARNING: [Synth 8-7129] Port GPIO2_IO_I[31] in module GPIO_Core is either unconnected or has no load
WARNING: [Synth 8-7129] Port bus2ip_data[1] in module interrupt_control is either unconnected or has no load
WARNING: [Synth 8-7129] Port bus2ip_data[2] in module interrupt_control is either unconnected or has no load
WARNING: [Synth 8-7129] Port bus2ip_data[3] in module interrupt_control is either unconnected or has no load
WARNING: [Synth 8-7129] Port bus2ip_data[4] in module interrupt_control is either unconnected or has no load
WARNING: [Synth 8-7129] Port bus2ip_data[5] in module interrupt_control is either unconnected or has no load
WARNING: [Synth 8-7129] Port bus2ip_data[6] in module interrupt_control is either unconnected or has no load
WARNING: [Synth 8-7129] Port bus2ip_data[7] in module interrupt_control is either unconnected or has no load
WARNING: [Synth 8-7129] Port bus2ip_data[8] in module interrupt_control is either unconnected or has no load
WARNING: [Synth 8-7129] Port bus2ip_data[9] in module interrupt_control is either unconnected or has no load
WARNING: [Synth 8-7129] Port bus2ip_data[10] in module interrupt_control is either unconnected or has no load
WARNING: [Synth 8-7129] Port bus2ip_data[11] in module interrupt_control is either unconnected or has no load
WARNING: [Synth 8-7129] Port bus2ip_data[12] in module interrupt_control is either unconnected or has no load
WARNING: [Synth 8-7129] Port bus2ip_data[13] in module interrupt_control is either unconnected or has no load
WARNING: [Synth 8-7129] Port bus2ip_data[14] in module interrupt_control is either unconnected or has no load
WARNING: [Synth 8-7129] Port bus2ip_data[15] in module interrupt_control is either unconnected or has no load
WARNING: [Synth 8-7129] Port bus2ip_data[16] in module interrupt_control is either unconnected or has no load
WARNING: [Synth 8-7129] Port bus2ip_data[17] in module interrupt_control is either unconnected or has no load
WARNING: [Synth 8-7129] Port bus2ip_data[18] in module interrupt_control is either unconnected or has no load
WARNING: [Synth 8-7129] Port bus2ip_data[19] in module interrupt_control is either unconnected or has no load
WARNING: [Synth 8-7129] Port bus2ip_data[20] in module interrupt_control is either unconnected or has no load
WARNING: [Synth 8-7129] Port bus2ip_data[21] in module interrupt_control is either unconnected or has no load
WARNING: [Synth 8-7129] Port bus2ip_data[22] in module interrupt_control is either unconnected or has no load
WARNING: [Synth 8-7129] Port bus2ip_data[23] in module interrupt_control is either unconnected or has no load
WARNING: [Synth 8-7129] Port bus2ip_data[24] in module interrupt_control is either unconnected or has no load
WARNING: [Synth 8-7129] Port bus2ip_data[25] in module interrupt_control is either unconnected or has no load
WARNING: [Synth 8-7129] Port bus2ip_data[26] in module interrupt_control is either unconnected or has no load
WARNING: [Synth 8-7129] Port bus2ip_data[27] in module interrupt_control is either unconnected or has no load
WARNING: [Synth 8-7129] Port bus2ip_data[28] in module interrupt_control is either unconnected or has no load
WARNING: [Synth 8-7129] Port bus2ip_data[29] in module interrupt_control is either unconnected or has no load
WARNING: [Synth 8-7129] Port bus2ip_data[30] in module interrupt_control is either unconnected or has no load
WARNING: [Synth 8-7129] Port bus2ip_be[1] in module interrupt_control is either unconnected or has no load
WARNING: [Synth 8-7129] Port bus2ip_be[2] in module interrupt_control is either unconnected or has no load
WARNING: [Synth 8-7129] Port bus2ip_be[3] in module interrupt_control is either unconnected or has no load
WARNING: [Synth 8-7129] Port interrupt_rdce[0] in module interrupt_control is either unconnected or has no load
WARNING: [Synth 8-7129] Port interrupt_rdce[1] in module interrupt_control is either unconnected or has no load
WARNING: [Synth 8-7129] Port interrupt_rdce[2] in module interrupt_control is either unconnected or has no load
WARNING: [Synth 8-7129] Port interrupt_rdce[3] in module interrupt_control is either unconnected or has no load
WARNING: [Synth 8-7129] Port interrupt_rdce[4] in module interrupt_control is either unconnected or has no load
WARNING: [Synth 8-7129] Port interrupt_rdce[5] in module interrupt_control is either unconnected or has no load
WARNING: [Synth 8-7129] Port interrupt_rdce[6] in module interrupt_control is either unconnected or has no load
WARNING: [Synth 8-7129] Port interrupt_rdce[9] in module interrupt_control is either unconnected or has no load
WARNING: [Synth 8-7129] Port interrupt_rdce[11] in module interrupt_control is either unconnected or has no load
WARNING: [Synth 8-7129] Port interrupt_rdce[12] in module interrupt_control is either unconnected or has no load
WARNING: [Synth 8-7129] Port interrupt_rdce[13] in module interrupt_control is either unconnected or has no load
WARNING: [Synth 8-7129] Port interrupt_rdce[14] in module interrupt_control is either unconnected or has no load
WARNING: [Synth 8-7129] Port interrupt_rdce[15] in module interrupt_control is either unconnected or has no load
WARNING: [Synth 8-7129] Port interrupt_wrce[0] in module interrupt_control is either unconnected or has no load
WARNING: [Synth 8-7129] Port interrupt_wrce[1] in module interrupt_control is either unconnected or has no load
WARNING: [Synth 8-7129] Port interrupt_wrce[2] in module interrupt_control is either unconnected or has no load
WARNING: [Synth 8-7129] Port interrupt_wrce[3] in module interrupt_control is either unconnected or has no load
WARNING: [Synth 8-7129] Port interrupt_wrce[4] in module interrupt_control is either unconnected or has no load
WARNING: [Synth 8-7129] Port interrupt_wrce[5] in module interrupt_control is either unconnected or has no load
WARNING: [Synth 8-7129] Port interrupt_wrce[6] in module interrupt_control is either unconnected or has no load
WARNING: [Synth 8-7129] Port interrupt_wrce[9] in module interrupt_control is either unconnected or has no load
WARNING: [Synth 8-7129] Port interrupt_wrce[11] in module interrupt_control is either unconnected or has no load
WARNING: [Synth 8-7129] Port interrupt_wrce[12] in module interrupt_control is either unconnected or has no load
WARNING: [Synth 8-7129] Port interrupt_wrce[13] in module interrupt_control is either unconnected or has no load
INFO: [Common 17-14] Message 'Synth 8-7129' appears 100 times and further instances of the messages will be disabled. Use the Tcl command set_msg_config to change the current settings.
---------------------------------------------------------------------------------
Finished RTL Elaboration : Time (s): cpu = 00:00:02 ; elapsed = 00:00:02 . Memory (MB): peak = 2482.309 ; gain = 268.711 ; free physical = 47770 ; free virtual = 60739
---------------------------------------------------------------------------------
---------------------------------------------------------------------------------
Start Handling Custom Attributes
---------------------------------------------------------------------------------
---------------------------------------------------------------------------------
Finished Handling Custom Attributes : Time (s): cpu = 00:00:02 ; elapsed = 00:00:02 . Memory (MB): peak = 2497.152 ; gain = 283.555 ; free physical = 47770 ; free virtual = 60739
---------------------------------------------------------------------------------
---------------------------------------------------------------------------------
Finished RTL Optimization Phase 1 : Time (s): cpu = 00:00:02 ; elapsed = 00:00:02 . Memory (MB): peak = 2497.152 ; gain = 283.555 ; free physical = 47770 ; free virtual = 60739
---------------------------------------------------------------------------------
Netlist sorting complete. Time (s): cpu = 00:00:00 ; elapsed = 00:00:00 . Memory (MB): peak = 2497.152 ; gain = 0.000 ; free physical = 47772 ; free virtual = 60741
INFO: [Project 1-570] Preparing netlist for logic optimization

Processing XDC Constraints
Initializing timing engine
Parsing XDC File [/home/ck/Desktop/Workspace/FPGA_Workspace/VIVADO_PROJECTS/XC7A100T_Microblaze/XC7A100T_Microblaze.gen/sources_1/bd/microblaze/ip/microblaze_axi_gpio_2_0/microblaze_axi_gpio_2_0_ooc.xdc] for cell 'U0'
Finished Parsing XDC File [/home/ck/Desktop/Workspace/FPGA_Workspace/VIVADO_PROJECTS/XC7A100T_Microblaze/XC7A100T_Microblaze.gen/sources_1/bd/microblaze/ip/microblaze_axi_gpio_2_0/microblaze_axi_gpio_2_0_ooc.xdc] for cell 'U0'
Parsing XDC File [/home/ck/Desktop/Workspace/FPGA_Workspace/VIVADO_PROJECTS/XC7A100T_Microblaze/XC7A100T_Microblaze.gen/sources_1/bd/microblaze/ip/microblaze_axi_gpio_2_0/microblaze_axi_gpio_2_0_board.xdc] for cell 'U0'
Finished Parsing XDC File [/home/ck/Desktop/Workspace/FPGA_Workspace/VIVADO_PROJECTS/XC7A100T_Microblaze/XC7A100T_Microblaze.gen/sources_1/bd/microblaze/ip/microblaze_axi_gpio_2_0/microblaze_axi_gpio_2_0_board.xdc] for cell 'U0'
Parsing XDC File [/home/ck/Desktop/Workspace/FPGA_Workspace/VIVADO_PROJECTS/XC7A100T_Microblaze/XC7A100T_Microblaze.runs/microblaze_axi_gpio_2_0_synth_1/dont_touch.xdc]
Finished Parsing XDC File [/home/ck/Desktop/Workspace/FPGA_Workspace/VIVADO_PROJECTS/XC7A100T_Microblaze/XC7A100T_Microblaze.runs/microblaze_axi_gpio_2_0_synth_1/dont_touch.xdc]
INFO: [Project 1-236] Implementation specific constraints were found while reading constraint file [/tools/Xilinx/2025.1/Vivado/data/ip/xpm/xpm_cdc/tcl/xpm_cdc_array_single.tcl]. These constraints will be ignored for synthesis but will be used in implementation. Impacted constraints are listed in the file [.Xil/microblaze_axi_gpio_2_0_propImpl.xdc].
Resolution: To avoid this warning, move constraints listed in [.Xil/microblaze_axi_gpio_2_0_propImpl.xdc] to another XDC file and exclude this new file from synthesis with the used_in_synthesis property (File Properties dialog in GUI) and re-run elaboration/synthesis.
INFO: [Project 1-1714] 1 XPM XDC files have been applied to the design.
Completed Processing XDC Constraints

Netlist sorting complete. Time (s): cpu = 00:00:00 ; elapsed = 00:00:00 . Memory (MB): peak = 2613.922 ; gain = 0.000 ; free physical = 47762 ; free virtual = 60745
INFO: [Project 1-111] Unisim Transformation Summary:
No Unisim elements were transformed.

Constraint Validation Runtime : Time (s): cpu = 00:00:00.01 ; elapsed = 00:00:00.01 . Memory (MB): peak = 2613.957 ; gain = 0.000 ; free physical = 47762 ; free virtual = 60746
INFO: [Designutils 20-5008] Incremental synthesis strategy off
---------------------------------------------------------------------------------
Finished Constraint Validation : Time (s): cpu = 00:00:05 ; elapsed = 00:00:05 . Memory (MB): peak = 2613.957 ; gain = 400.359 ; free physical = 47777 ; free virtual = 60761
---------------------------------------------------------------------------------
---------------------------------------------------------------------------------
Start Loading Part and Timing Information
---------------------------------------------------------------------------------
Loading part: xc7a100tcsg324-1
---------------------------------------------------------------------------------
Finished Loading Part and Timing Information : Time (s): cpu = 00:00:05 ; elapsed = 00:00:05 . Memory (MB): peak = 2621.926 ; gain = 408.328 ; free physical = 47777 ; free virtual = 60761
---------------------------------------------------------------------------------
---------------------------------------------------------------------------------
Start Applying 'set_property' XDC Constraints
---------------------------------------------------------------------------------
---------------------------------------------------------------------------------
Finished applying 'set_property' XDC Constraints : Time (s): cpu = 00:00:05 ; elapsed = 00:00:05 . Memory (MB): peak = 2621.926 ; gain = 408.328 ; free physical = 47777 ; free virtual = 60761
---------------------------------------------------------------------------------
INFO: [Synth 8-802] inferred FSM for state register 'state_reg' in module 'slave_attachment'
---------------------------------------------------------------------------------------------------
                   State |                     New Encoding |                Previous Encoding 
---------------------------------------------------------------------------------------------------
                 iSTATE2 |                             0001 |                               00
                  iSTATE |                             0010 |                               01
                 iSTATE0 |                             0100 |                               10
                 iSTATE1 |                             1000 |                               11
---------------------------------------------------------------------------------------------------
INFO: [Synth 8-3354] encoded FSM with state register 'state_reg' using encoding 'one-hot' in module 'slave_attachment'
---------------------------------------------------------------------------------
Finished RTL Optimization Phase 2 : Time (s): cpu = 00:00:05 ; elapsed = 00:00:05 . Memory (MB): peak = 2621.926 ; gain = 408.328 ; free physical = 47777 ; free virtual = 60762
---------------------------------------------------------------------------------
---------------------------------------------------------------------------------
Start RTL Component Statistics 
---------------------------------------------------------------------------------
Detailed RTL Component Info : 
+---Adders : 
	   2 Input    4 Bit       Adders := 1     
+---XORs : 
	   2 Input      2 Bit         XORs := 1     
	   2 Input      1 Bit         XORs := 1     
+---Registers : 
	               32 Bit    Registers := 2     
	                9 Bit    Registers := 1     
	                4 Bit    Registers := 1     
	                2 Bit    Registers := 11    
	                1 Bit    Registers := 52    
+---Muxes : 
	   2 Input   32 Bit        Muxes := 4     
	   5 Input   32 Bit        Muxes := 1     
	   2 Input    9 Bit        Muxes := 1     
	   4 Input    4 Bit        Muxes := 1     
	   2 Input    4 Bit        Muxes := 5     
	   2 Input    2 Bit        Muxes := 5     
	   3 Input    2 Bit        Muxes := 1     
	   4 Input    2 Bit        Muxes := 1     
	   2 Input    1 Bit        Muxes := 31    
	   4 Input    1 Bit        Muxes := 3     
---------------------------------------------------------------------------------
Finished RTL Component Statistics 
---------------------------------------------------------------------------------
---------------------------------------------------------------------------------
Start Part Resource Summary
---------------------------------------------------------------------------------
Part Resources:
DSPs: 240 (col length:80)
BRAMs: 270 (col length: RAMB18 80 RAMB36 40)
---------------------------------------------------------------------------------
Finished Part Resource Summary
---------------------------------------------------------------------------------
---------------------------------------------------------------------------------
Start Cross Boundary and Area Optimization
---------------------------------------------------------------------------------
WARNING: [Synth 8-7080] Parallel synthesis criteria is not met
---------------------------------------------------------------------------------
Finished Cross Boundary and Area Optimization : Time (s): cpu = 00:00:06 ; elapsed = 00:00:06 . Memory (MB): peak = 2621.926 ; gain = 408.328 ; free physical = 47794 ; free virtual = 60780
---------------------------------------------------------------------------------
---------------------------------------------------------------------------------
Start Applying XDC Timing Constraints
---------------------------------------------------------------------------------
---------------------------------------------------------------------------------
Finished Applying XDC Timing Constraints : Time (s): cpu = 00:00:08 ; elapsed = 00:00:08 . Memory (MB): peak = 2650.926 ; gain = 437.328 ; free physical = 47747 ; free virtual = 60741
---------------------------------------------------------------------------------
---------------------------------------------------------------------------------
Start Timing Optimization
---------------------------------------------------------------------------------
---------------------------------------------------------------------------------
Finished Timing Optimization : Time (s): cpu = 00:00:08 ; elapsed = 00:00:08 . Memory (MB): peak = 2687.973 ; gain = 474.375 ; free physical = 47716 ; free virtual = 60710
---------------------------------------------------------------------------------
---------------------------------------------------------------------------------
Start Technology Mapping
---------------------------------------------------------------------------------
---------------------------------------------------------------------------------
Finished Technology Mapping : Time (s): cpu = 00:00:08 ; elapsed = 00:00:08 . Memory (MB): peak = 2687.973 ; gain = 474.375 ; free physical = 47716 ; free virtual = 60710
---------------------------------------------------------------------------------
---------------------------------------------------------------------------------
Start IO Insertion
---------------------------------------------------------------------------------
---------------------------------------------------------------------------------
Start Flattening Before IO Insertion
---------------------------------------------------------------------------------
---------------------------------------------------------------------------------
Finished Flattening Before IO Insertion
---------------------------------------------------------------------------------
---------------------------------------------------------------------------------
Start Final Netlist Cleanup
---------------------------------------------------------------------------------
---------------------------------------------------------------------------------
Finished Final Netlist Cleanup
---------------------------------------------------------------------------------
---------------------------------------------------------------------------------
Finished IO Insertion : Time (s): cpu = 00:00:09 ; elapsed = 00:00:09 . Memory (MB): peak = 2843.785 ; gain = 630.188 ; free physical = 47637 ; free virtual = 60631
---------------------------------------------------------------------------------
---------------------------------------------------------------------------------
Start Renaming Generated Instances
---------------------------------------------------------------------------------
---------------------------------------------------------------------------------
Finished Renaming Generated Instances : Time (s): cpu = 00:00:09 ; elapsed = 00:00:09 . Memory (MB): peak = 2843.785 ; gain = 630.188 ; free physical = 47637 ; free virtual = 60631
---------------------------------------------------------------------------------
---------------------------------------------------------------------------------
Start Rebuilding User Hierarchy
---------------------------------------------------------------------------------
---------------------------------------------------------------------------------
Finished Rebuilding User Hierarchy : Time (s): cpu = 00:00:09 ; elapsed = 00:00:09 . Memory (MB): peak = 2843.785 ; gain = 630.188 ; free physical = 47637 ; free virtual = 60631
---------------------------------------------------------------------------------
---------------------------------------------------------------------------------
Start Renaming Generated Ports
---------------------------------------------------------------------------------
---------------------------------------------------------------------------------
Finished Renaming Generated Ports : Time (s): cpu = 00:00:09 ; elapsed = 00:00:09 . Memory (MB): peak = 2843.785 ; gain = 630.188 ; free physical = 47637 ; free virtual = 60631
---------------------------------------------------------------------------------
---------------------------------------------------------------------------------
Start Handling Custom Attributes
---------------------------------------------------------------------------------
---------------------------------------------------------------------------------
Finished Handling Custom Attributes : Time (s): cpu = 00:00:09 ; elapsed = 00:00:09 . Memory (MB): peak = 2843.785 ; gain = 630.188 ; free physical = 47637 ; free virtual = 60631
---------------------------------------------------------------------------------
---------------------------------------------------------------------------------
Start Renaming Generated Nets
---------------------------------------------------------------------------------
---------------------------------------------------------------------------------
Finished Renaming Generated Nets : Time (s): cpu = 00:00:09 ; elapsed = 00:00:09 . Memory (MB): peak = 2843.785 ; gain = 630.188 ; free physical = 47637 ; free virtual = 60631
---------------------------------------------------------------------------------
---------------------------------------------------------------------------------
Start Writing Synthesis Report
---------------------------------------------------------------------------------

Report BlackBoxes: 
+-+--------------+----------+
| |BlackBox name |Instances |
+-+--------------+----------+
+-+--------------+----------+

Report Cell Usage: 
+------+-----+------+
|      |Cell |Count |
+------+-----+------+
|1     |LUT1 |     2|
|2     |LUT2 |     8|
|3     |LUT3 |    12|
|4     |LUT4 |    18|
|5     |LUT5 |    30|
|6     |LUT6 |    18|
|7     |FDRE |    84|
|8     |FDSE |     5|
+------+-----+------+
---------------------------------------------------------------------------------
Finished Writing Synthesis Report : Time (s): cpu = 00:00:09 ; elapsed = 00:00:09 . Memory (MB): peak = 2843.785 ; gain = 630.188 ; free physical = 47637 ; free virtual = 60631
---------------------------------------------------------------------------------
Synthesis finished with 0 errors, 0 critical warnings and 38 warnings.
Synthesis Optimization Runtime : Time (s): cpu = 00:00:09 ; elapsed = 00:00:09 . Memory (MB): peak = 2843.785 ; gain = 513.383 ; free physical = 47676 ; free virtual = 60670
Synthesis Optimization Complete : Time (s): cpu = 00:00:09 ; elapsed = 00:00:10 . Memory (MB): peak = 2843.793 ; gain = 630.188 ; free physical = 47676 ; free virtual = 60670
INFO: [Project 1-571] Translating synthesized netlist
Netlist sorting complete. Time (s): cpu = 00:00:00.01 ; elapsed = 00:00:00.01 . Memory (MB): peak = 2843.793 ; gain = 0.000 ; free physical = 47676 ; free virtual = 60671
INFO: [Project 1-570] Preparing netlist for logic optimization
INFO: [Opt 31-138] Pushed 0 inverter(s) to 0 load pin(s).
Netlist sorting complete. Time (s): cpu = 00:00:00 ; elapsed = 00:00:00 . Memory (MB): peak = 2899.812 ; gain = 0.000 ; free physical = 47847 ; free virtual = 60843
INFO: [Project 1-111] Unisim Transformation Summary:
No Unisim elements were transformed.

Synth Design complete | Checksum: 2b653f8d
INFO: [Common 17-83] Releasing license: Synthesis
82 Infos, 103 Warnings, 0 Critical Warnings and 0 Errors encountered.
synth_design completed successfully
synth_design: Time (s): cpu = 00:00:12 ; elapsed = 00:00:11 . Memory (MB): peak = 2899.848 ; gain = 1038.586 ; free physical = 47846 ; free virtual = 60842
INFO: [Common 17-2834] synth_design peak Physical Memory [PSS] (MB): overall = 2034.035; main = 2034.035; forked = 0.000
INFO: [Common 17-2834] synth_design peak Virtual Memory [VSS] (MB): overall = 2899.816; main = 2899.816; forked = 0.000
Write ShapeDB Complete: Time (s): cpu = 00:00:00 ; elapsed = 00:00:00 . Memory (MB): peak = 2923.824 ; gain = 0.000 ; free physical = 47846 ; free virtual = 60842
INFO: [Common 17-1381] The checkpoint '/home/ck/Desktop/Workspace/FPGA_Workspace/VIVADO_PROJECTS/XC7A100T_Microblaze/XC7A100T_Microblaze.runs/microblaze_axi_gpio_2_0_synth_1/microblaze_axi_gpio_2_0.dcp' has been generated.
INFO: [Coretcl 2-1648] Added synthesis output to IP cache for IP microblaze_axi_gpio_2_0, cache-ID = 51e4dbbf45ff3994
INFO: [Coretcl 2-1174] Renamed 7 cell refs.
Write ShapeDB Complete: Time (s): cpu = 00:00:00 ; elapsed = 00:00:00 . Memory (MB): peak = 2923.824 ; gain = 0.000 ; free physical = 47853 ; free virtual = 60849
INFO: [Common 17-1381] The checkpoint '/home/ck/Desktop/Workspace/FPGA_Workspace/VIVADO_PROJECTS/XC7A100T_Microblaze/XC7A100T_Microblaze.runs/microblaze_axi_gpio_2_0_synth_1/microblaze_axi_gpio_2_0.dcp' has been generated.
INFO: [Vivado 12-24828] Executing command : report_utilization -file microblaze_axi_gpio_2_0_utilization_synth.rpt -pb microblaze_axi_gpio_2_0_utilization_synth.pb
INFO: [Common 17-206] Exiting Vivado at Sun Aug  3 19:30:04 2025...
