
*** Running vivado
    with args -log microblaze_microblaze_0_axi_periph_imp_xbar_2.vds -m64 -product Vivado -mode batch -messageDb vivado.pb -notrace -source microblaze_microblaze_0_axi_periph_imp_xbar_2.tcl


****** Vivado v2025.1 (64-bit)
  **** SW Build 6140274 on Wed May 21 22:58:25 MDT 2025
  **** IP Build 6138677 on Thu May 22 03:10:11 MDT 2025
  **** SharedData Build 6139179 on Tue May 20 17:58:58 MDT 2025
  **** Start of session at: Sun Jul 20 11:57:54 2025
    ** Copyright 1986-2022 Xilinx, Inc. All Rights Reserved.
    ** Copyright 2022-2025 Advanced Micro Devices, Inc. All Rights Reserved.

source microblaze_microblaze_0_axi_periph_imp_xbar_2.tcl -notrace
Command: synth_design -top microblaze_microblaze_0_axi_periph_imp_xbar_2 -part xc7a100tcsg324-1 -incremental_mode off -mode out_of_context
Starting synth_design
Attempting to get a license for feature 'Synthesis' and/or device 'xc7a100t'
INFO: [Common 17-349] Got license for feature 'Synthesis' and/or device 'xc7a100t'
INFO: [Device 21-403] Loading part xc7a100tcsg324-1
INFO: [Synth 8-7079] Multithreading enabled for synth_design using a maximum of 7 processes.
INFO: [Synth 8-7078] Launching helper process for spawning children vivado processes
INFO: [Synth 8-7075] Helper process launched with PID 13897
---------------------------------------------------------------------------------
Starting RTL Elaboration : Time (s): cpu = 00:00:02 ; elapsed = 00:00:02 . Memory (MB): peak = 2388.344 ; gain = 181.688 ; free physical = 45846 ; free virtual = 58698
---------------------------------------------------------------------------------
WARNING: [Synth 8-10507] attribute 'X_INTERFACE_MODE' is already specified; last one will take precedence [/home/ck/Desktop/Workspace/FPGA_Workspace/VIVADO_PROJECTS/XC7A100T_Microblaze/XC7A100T_Microblaze.gen/sources_1/bd/microblaze/ip/microblaze_microblaze_0_axi_periph_imp_xbar_2/synth/microblaze_microblaze_0_axi_periph_imp_xbar_2.v:114]
WARNING: [Synth 8-10507] attribute 'X_INTERFACE_PARAMETER' is already specified; last one will take precedence [/home/ck/Desktop/Workspace/FPGA_Workspace/VIVADO_PROJECTS/XC7A100T_Microblaze/XC7A100T_Microblaze.gen/sources_1/bd/microblaze/ip/microblaze_microblaze_0_axi_periph_imp_xbar_2/synth/microblaze_microblaze_0_axi_periph_imp_xbar_2.v:116]
WARNING: [Synth 8-10507] attribute 'X_INTERFACE_MODE' is already specified; last one will take precedence [/home/ck/Desktop/Workspace/FPGA_Workspace/VIVADO_PROJECTS/XC7A100T_Microblaze/XC7A100T_Microblaze.gen/sources_1/bd/microblaze/ip/microblaze_microblaze_0_axi_periph_imp_xbar_2/synth/microblaze_microblaze_0_axi_periph_imp_xbar_2.v:158]
WARNING: [Synth 8-10507] attribute 'X_INTERFACE_PARAMETER' is already specified; last one will take precedence [/home/ck/Desktop/Workspace/FPGA_Workspace/VIVADO_PROJECTS/XC7A100T_Microblaze/XC7A100T_Microblaze.gen/sources_1/bd/microblaze/ip/microblaze_microblaze_0_axi_periph_imp_xbar_2/synth/microblaze_microblaze_0_axi_periph_imp_xbar_2.v:160]
WARNING: [Synth 8-10507] attribute 'X_INTERFACE_MODE' is already specified; last one will take precedence [/home/ck/Desktop/Workspace/FPGA_Workspace/VIVADO_PROJECTS/XC7A100T_Microblaze/XC7A100T_Microblaze.gen/sources_1/bd/microblaze/ip/microblaze_microblaze_0_axi_periph_imp_xbar_2/synth/microblaze_microblaze_0_axi_periph_imp_xbar_2.v:161]
WARNING: [Synth 8-10507] attribute 'X_INTERFACE_PARAMETER' is already specified; last one will take precedence [/home/ck/Desktop/Workspace/FPGA_Workspace/VIVADO_PROJECTS/XC7A100T_Microblaze/XC7A100T_Microblaze.gen/sources_1/bd/microblaze/ip/microblaze_microblaze_0_axi_periph_imp_xbar_2/synth/microblaze_microblaze_0_axi_periph_imp_xbar_2.v:163]
WARNING: [Synth 8-10507] attribute 'X_INTERFACE_MODE' is already specified; last one will take precedence [/home/ck/Desktop/Workspace/FPGA_Workspace/VIVADO_PROJECTS/XC7A100T_Microblaze/XC7A100T_Microblaze.gen/sources_1/bd/microblaze/ip/microblaze_microblaze_0_axi_periph_imp_xbar_2/synth/microblaze_microblaze_0_axi_periph_imp_xbar_2.v:164]
WARNING: [Synth 8-10507] attribute 'X_INTERFACE_PARAMETER' is already specified; last one will take precedence [/home/ck/Desktop/Workspace/FPGA_Workspace/VIVADO_PROJECTS/XC7A100T_Microblaze/XC7A100T_Microblaze.gen/sources_1/bd/microblaze/ip/microblaze_microblaze_0_axi_periph_imp_xbar_2/synth/microblaze_microblaze_0_axi_periph_imp_xbar_2.v:166]
WARNING: [Synth 8-10507] attribute 'X_INTERFACE_MODE' is already specified; last one will take precedence [/home/ck/Desktop/Workspace/FPGA_Workspace/VIVADO_PROJECTS/XC7A100T_Microblaze/XC7A100T_Microblaze.gen/sources_1/bd/microblaze/ip/microblaze_microblaze_0_axi_periph_imp_xbar_2/synth/microblaze_microblaze_0_axi_periph_imp_xbar_2.v:167]
WARNING: [Synth 8-10507] attribute 'X_INTERFACE_PARAMETER' is already specified; last one will take precedence [/home/ck/Desktop/Workspace/FPGA_Workspace/VIVADO_PROJECTS/XC7A100T_Microblaze/XC7A100T_Microblaze.gen/sources_1/bd/microblaze/ip/microblaze_microblaze_0_axi_periph_imp_xbar_2/synth/microblaze_microblaze_0_axi_periph_imp_xbar_2.v:169]
INFO: [Synth 8-6157] synthesizing module 'microblaze_microblaze_0_axi_periph_imp_xbar_2' [/home/ck/Desktop/Workspace/FPGA_Workspace/VIVADO_PROJECTS/XC7A100T_Microblaze/XC7A100T_Microblaze.gen/sources_1/bd/microblaze/ip/microblaze_microblaze_0_axi_periph_imp_xbar_2/synth/microblaze_microblaze_0_axi_periph_imp_xbar_2.v:53]
INFO: [Synth 8-6157] synthesizing module 'axi_crossbar_v2_1_37_axi_crossbar' [/home/ck/Desktop/Workspace/FPGA_Workspace/VIVADO_PROJECTS/XC7A100T_Microblaze/XC7A100T_Microblaze.gen/sources_1/bd/microblaze/ipshared/a1a7/hdl/axi_crossbar_v2_1_vl_rfs.v:4871]
INFO: [Synth 8-6157] synthesizing module 'axi_crossbar_v2_1_37_crossbar_sasd' [/home/ck/Desktop/Workspace/FPGA_Workspace/VIVADO_PROJECTS/XC7A100T_Microblaze/XC7A100T_Microblaze.gen/sources_1/bd/microblaze/ipshared/a1a7/hdl/axi_crossbar_v2_1_vl_rfs.v:1234]
INFO: [Synth 8-6157] synthesizing module 'axi_crossbar_v2_1_37_addr_decoder' [/home/ck/Desktop/Workspace/FPGA_Workspace/VIVADO_PROJECTS/XC7A100T_Microblaze/XC7A100T_Microblaze.gen/sources_1/bd/microblaze/ipshared/a1a7/hdl/axi_crossbar_v2_1_vl_rfs.v:790]
INFO: [Synth 8-6157] synthesizing module 'generic_baseblocks_v2_1_2_comparator_static' [/home/ck/Desktop/Workspace/FPGA_Workspace/VIVADO_PROJECTS/XC7A100T_Microblaze/XC7A100T_Microblaze.gen/sources_1/bd/microblaze/ipshared/0c28/hdl/generic_baseblocks_v2_1_vl_rfs.v:2119]
INFO: [Synth 8-6157] synthesizing module 'generic_baseblocks_v2_1_2_carry_and' [/home/ck/Desktop/Workspace/FPGA_Workspace/VIVADO_PROJECTS/XC7A100T_Microblaze/XC7A100T_Microblaze.gen/sources_1/bd/microblaze/ipshared/0c28/hdl/generic_baseblocks_v2_1_vl_rfs.v:60]
INFO: [Synth 8-6155] done synthesizing module 'generic_baseblocks_v2_1_2_carry_and' (0#1) [/home/ck/Desktop/Workspace/FPGA_Workspace/VIVADO_PROJECTS/XC7A100T_Microblaze/XC7A100T_Microblaze.gen/sources_1/bd/microblaze/ipshared/0c28/hdl/generic_baseblocks_v2_1_vl_rfs.v:60]
INFO: [Synth 8-6155] done synthesizing module 'generic_baseblocks_v2_1_2_comparator_static' (0#1) [/home/ck/Desktop/Workspace/FPGA_Workspace/VIVADO_PROJECTS/XC7A100T_Microblaze/XC7A100T_Microblaze.gen/sources_1/bd/microblaze/ipshared/0c28/hdl/generic_baseblocks_v2_1_vl_rfs.v:2119]
INFO: [Synth 8-6157] synthesizing module 'generic_baseblocks_v2_1_2_comparator_static__parameterized0' [/home/ck/Desktop/Workspace/FPGA_Workspace/VIVADO_PROJECTS/XC7A100T_Microblaze/XC7A100T_Microblaze.gen/sources_1/bd/microblaze/ipshared/0c28/hdl/generic_baseblocks_v2_1_vl_rfs.v:2119]
INFO: [Synth 8-6155] done synthesizing module 'generic_baseblocks_v2_1_2_comparator_static__parameterized0' (0#1) [/home/ck/Desktop/Workspace/FPGA_Workspace/VIVADO_PROJECTS/XC7A100T_Microblaze/XC7A100T_Microblaze.gen/sources_1/bd/microblaze/ipshared/0c28/hdl/generic_baseblocks_v2_1_vl_rfs.v:2119]
INFO: [Synth 8-6157] synthesizing module 'generic_baseblocks_v2_1_2_comparator_static__parameterized1' [/home/ck/Desktop/Workspace/FPGA_Workspace/VIVADO_PROJECTS/XC7A100T_Microblaze/XC7A100T_Microblaze.gen/sources_1/bd/microblaze/ipshared/0c28/hdl/generic_baseblocks_v2_1_vl_rfs.v:2119]
INFO: [Synth 8-6155] done synthesizing module 'generic_baseblocks_v2_1_2_comparator_static__parameterized1' (0#1) [/home/ck/Desktop/Workspace/FPGA_Workspace/VIVADO_PROJECTS/XC7A100T_Microblaze/XC7A100T_Microblaze.gen/sources_1/bd/microblaze/ipshared/0c28/hdl/generic_baseblocks_v2_1_vl_rfs.v:2119]
INFO: [Synth 8-6157] synthesizing module 'generic_baseblocks_v2_1_2_comparator_static__parameterized2' [/home/ck/Desktop/Workspace/FPGA_Workspace/VIVADO_PROJECTS/XC7A100T_Microblaze/XC7A100T_Microblaze.gen/sources_1/bd/microblaze/ipshared/0c28/hdl/generic_baseblocks_v2_1_vl_rfs.v:2119]
INFO: [Synth 8-6155] done synthesizing module 'generic_baseblocks_v2_1_2_comparator_static__parameterized2' (0#1) [/home/ck/Desktop/Workspace/FPGA_Workspace/VIVADO_PROJECTS/XC7A100T_Microblaze/XC7A100T_Microblaze.gen/sources_1/bd/microblaze/ipshared/0c28/hdl/generic_baseblocks_v2_1_vl_rfs.v:2119]
INFO: [Synth 8-6157] synthesizing module 'generic_baseblocks_v2_1_2_comparator_static__parameterized3' [/home/ck/Desktop/Workspace/FPGA_Workspace/VIVADO_PROJECTS/XC7A100T_Microblaze/XC7A100T_Microblaze.gen/sources_1/bd/microblaze/ipshared/0c28/hdl/generic_baseblocks_v2_1_vl_rfs.v:2119]
INFO: [Synth 8-6155] done synthesizing module 'generic_baseblocks_v2_1_2_comparator_static__parameterized3' (0#1) [/home/ck/Desktop/Workspace/FPGA_Workspace/VIVADO_PROJECTS/XC7A100T_Microblaze/XC7A100T_Microblaze.gen/sources_1/bd/microblaze/ipshared/0c28/hdl/generic_baseblocks_v2_1_vl_rfs.v:2119]
INFO: [Synth 8-6155] done synthesizing module 'axi_crossbar_v2_1_37_addr_decoder' (0#1) [/home/ck/Desktop/Workspace/FPGA_Workspace/VIVADO_PROJECTS/XC7A100T_Microblaze/XC7A100T_Microblaze.gen/sources_1/bd/microblaze/ipshared/a1a7/hdl/axi_crossbar_v2_1_vl_rfs.v:790]
INFO: [Synth 8-6157] synthesizing module 'generic_baseblocks_v2_1_2_mux_enc' [/home/ck/Desktop/Workspace/FPGA_Workspace/VIVADO_PROJECTS/XC7A100T_Microblaze/XC7A100T_Microblaze.gen/sources_1/bd/microblaze/ipshared/0c28/hdl/generic_baseblocks_v2_1_vl_rfs.v:2436]
INFO: [Synth 8-6155] done synthesizing module 'generic_baseblocks_v2_1_2_mux_enc' (0#1) [/home/ck/Desktop/Workspace/FPGA_Workspace/VIVADO_PROJECTS/XC7A100T_Microblaze/XC7A100T_Microblaze.gen/sources_1/bd/microblaze/ipshared/0c28/hdl/generic_baseblocks_v2_1_vl_rfs.v:2436]
INFO: [Synth 8-6157] synthesizing module 'generic_baseblocks_v2_1_2_mux_enc__parameterized0' [/home/ck/Desktop/Workspace/FPGA_Workspace/VIVADO_PROJECTS/XC7A100T_Microblaze/XC7A100T_Microblaze.gen/sources_1/bd/microblaze/ipshared/0c28/hdl/generic_baseblocks_v2_1_vl_rfs.v:2436]
INFO: [Synth 8-6155] done synthesizing module 'generic_baseblocks_v2_1_2_mux_enc__parameterized0' (0#1) [/home/ck/Desktop/Workspace/FPGA_Workspace/VIVADO_PROJECTS/XC7A100T_Microblaze/XC7A100T_Microblaze.gen/sources_1/bd/microblaze/ipshared/0c28/hdl/generic_baseblocks_v2_1_vl_rfs.v:2436]
INFO: [Synth 8-6157] synthesizing module 'axi_crossbar_v2_1_37_decerr_slave' [/home/ck/Desktop/Workspace/FPGA_Workspace/VIVADO_PROJECTS/XC7A100T_Microblaze/XC7A100T_Microblaze.gen/sources_1/bd/microblaze/ipshared/a1a7/hdl/axi_crossbar_v2_1_vl_rfs.v:3493]
INFO: [Synth 8-6155] done synthesizing module 'axi_crossbar_v2_1_37_decerr_slave' (0#1) [/home/ck/Desktop/Workspace/FPGA_Workspace/VIVADO_PROJECTS/XC7A100T_Microblaze/XC7A100T_Microblaze.gen/sources_1/bd/microblaze/ipshared/a1a7/hdl/axi_crossbar_v2_1_vl_rfs.v:3493]
INFO: [Synth 8-6157] synthesizing module 'axi_crossbar_v2_1_37_addr_arbiter_sasd' [/home/ck/Desktop/Workspace/FPGA_Workspace/VIVADO_PROJECTS/XC7A100T_Microblaze/XC7A100T_Microblaze.gen/sources_1/bd/microblaze/ipshared/a1a7/hdl/axi_crossbar_v2_1_vl_rfs.v:63]
INFO: [Synth 8-6157] synthesizing module 'generic_baseblocks_v2_1_2_mux_enc__parameterized1' [/home/ck/Desktop/Workspace/FPGA_Workspace/VIVADO_PROJECTS/XC7A100T_Microblaze/XC7A100T_Microblaze.gen/sources_1/bd/microblaze/ipshared/0c28/hdl/generic_baseblocks_v2_1_vl_rfs.v:2436]
INFO: [Synth 8-6155] done synthesizing module 'generic_baseblocks_v2_1_2_mux_enc__parameterized1' (0#1) [/home/ck/Desktop/Workspace/FPGA_Workspace/VIVADO_PROJECTS/XC7A100T_Microblaze/XC7A100T_Microblaze.gen/sources_1/bd/microblaze/ipshared/0c28/hdl/generic_baseblocks_v2_1_vl_rfs.v:2436]
INFO: [Synth 8-6155] done synthesizing module 'axi_crossbar_v2_1_37_addr_arbiter_sasd' (0#1) [/home/ck/Desktop/Workspace/FPGA_Workspace/VIVADO_PROJECTS/XC7A100T_Microblaze/XC7A100T_Microblaze.gen/sources_1/bd/microblaze/ipshared/a1a7/hdl/axi_crossbar_v2_1_vl_rfs.v:63]
INFO: [Synth 8-6157] synthesizing module 'axi_crossbar_v2_1_37_splitter' [/home/ck/Desktop/Workspace/FPGA_Workspace/VIVADO_PROJECTS/XC7A100T_Microblaze/XC7A100T_Microblaze.gen/sources_1/bd/microblaze/ipshared/a1a7/hdl/axi_crossbar_v2_1_vl_rfs.v:4451]
INFO: [Synth 8-6155] done synthesizing module 'axi_crossbar_v2_1_37_splitter' (0#1) [/home/ck/Desktop/Workspace/FPGA_Workspace/VIVADO_PROJECTS/XC7A100T_Microblaze/XC7A100T_Microblaze.gen/sources_1/bd/microblaze/ipshared/a1a7/hdl/axi_crossbar_v2_1_vl_rfs.v:4451]
INFO: [Synth 8-6157] synthesizing module 'axi_crossbar_v2_1_37_splitter__parameterized0' [/home/ck/Desktop/Workspace/FPGA_Workspace/VIVADO_PROJECTS/XC7A100T_Microblaze/XC7A100T_Microblaze.gen/sources_1/bd/microblaze/ipshared/a1a7/hdl/axi_crossbar_v2_1_vl_rfs.v:4451]
INFO: [Synth 8-6155] done synthesizing module 'axi_crossbar_v2_1_37_splitter__parameterized0' (0#1) [/home/ck/Desktop/Workspace/FPGA_Workspace/VIVADO_PROJECTS/XC7A100T_Microblaze/XC7A100T_Microblaze.gen/sources_1/bd/microblaze/ipshared/a1a7/hdl/axi_crossbar_v2_1_vl_rfs.v:4451]
INFO: [Synth 8-6157] synthesizing module 'generic_baseblocks_v2_1_2_mux_enc__parameterized2' [/home/ck/Desktop/Workspace/FPGA_Workspace/VIVADO_PROJECTS/XC7A100T_Microblaze/XC7A100T_Microblaze.gen/sources_1/bd/microblaze/ipshared/0c28/hdl/generic_baseblocks_v2_1_vl_rfs.v:2436]
INFO: [Synth 8-6155] done synthesizing module 'generic_baseblocks_v2_1_2_mux_enc__parameterized2' (0#1) [/home/ck/Desktop/Workspace/FPGA_Workspace/VIVADO_PROJECTS/XC7A100T_Microblaze/XC7A100T_Microblaze.gen/sources_1/bd/microblaze/ipshared/0c28/hdl/generic_baseblocks_v2_1_vl_rfs.v:2436]
INFO: [Synth 8-6157] synthesizing module 'generic_baseblocks_v2_1_2_mux_enc__parameterized3' [/home/ck/Desktop/Workspace/FPGA_Workspace/VIVADO_PROJECTS/XC7A100T_Microblaze/XC7A100T_Microblaze.gen/sources_1/bd/microblaze/ipshared/0c28/hdl/generic_baseblocks_v2_1_vl_rfs.v:2436]
INFO: [Synth 8-6155] done synthesizing module 'generic_baseblocks_v2_1_2_mux_enc__parameterized3' (0#1) [/home/ck/Desktop/Workspace/FPGA_Workspace/VIVADO_PROJECTS/XC7A100T_Microblaze/XC7A100T_Microblaze.gen/sources_1/bd/microblaze/ipshared/0c28/hdl/generic_baseblocks_v2_1_vl_rfs.v:2436]
INFO: [Synth 8-6157] synthesizing module 'axi_register_slice_v2_1_35_axic_register_slice' [/home/ck/Desktop/Workspace/FPGA_Workspace/VIVADO_PROJECTS/XC7A100T_Microblaze/XC7A100T_Microblaze.gen/sources_1/bd/microblaze/ipshared/c5b7/hdl/axi_register_slice_v2_1_vl_rfs.v:1492]
INFO: [Synth 8-6155] done synthesizing module 'axi_register_slice_v2_1_35_axic_register_slice' (0#1) [/home/ck/Desktop/Workspace/FPGA_Workspace/VIVADO_PROJECTS/XC7A100T_Microblaze/XC7A100T_Microblaze.gen/sources_1/bd/microblaze/ipshared/c5b7/hdl/axi_register_slice_v2_1_vl_rfs.v:1492]
INFO: [Synth 8-6157] synthesizing module 'generic_baseblocks_v2_1_2_mux_enc__parameterized4' [/home/ck/Desktop/Workspace/FPGA_Workspace/VIVADO_PROJECTS/XC7A100T_Microblaze/XC7A100T_Microblaze.gen/sources_1/bd/microblaze/ipshared/0c28/hdl/generic_baseblocks_v2_1_vl_rfs.v:2436]
INFO: [Synth 8-6155] done synthesizing module 'generic_baseblocks_v2_1_2_mux_enc__parameterized4' (0#1) [/home/ck/Desktop/Workspace/FPGA_Workspace/VIVADO_PROJECTS/XC7A100T_Microblaze/XC7A100T_Microblaze.gen/sources_1/bd/microblaze/ipshared/0c28/hdl/generic_baseblocks_v2_1_vl_rfs.v:2436]
INFO: [Synth 8-6155] done synthesizing module 'axi_crossbar_v2_1_37_crossbar_sasd' (0#1) [/home/ck/Desktop/Workspace/FPGA_Workspace/VIVADO_PROJECTS/XC7A100T_Microblaze/XC7A100T_Microblaze.gen/sources_1/bd/microblaze/ipshared/a1a7/hdl/axi_crossbar_v2_1_vl_rfs.v:1234]
INFO: [Synth 8-6155] done synthesizing module 'axi_crossbar_v2_1_37_axi_crossbar' (0#1) [/home/ck/Desktop/Workspace/FPGA_Workspace/VIVADO_PROJECTS/XC7A100T_Microblaze/XC7A100T_Microblaze.gen/sources_1/bd/microblaze/ipshared/a1a7/hdl/axi_crossbar_v2_1_vl_rfs.v:4871]
INFO: [Synth 8-6155] done synthesizing module 'microblaze_microblaze_0_axi_periph_imp_xbar_2' (0#1) [/home/ck/Desktop/Workspace/FPGA_Workspace/VIVADO_PROJECTS/XC7A100T_Microblaze/XC7A100T_Microblaze.gen/sources_1/bd/microblaze/ip/microblaze_microblaze_0_axi_periph_imp_xbar_2/synth/microblaze_microblaze_0_axi_periph_imp_xbar_2.v:53]
WARNING: [Synth 8-6014] Unused sequential element gen_debug_trans_seq.debug_aw_trans_seq_i_reg was removed.  [/home/ck/Desktop/Workspace/FPGA_Workspace/VIVADO_PROJECTS/XC7A100T_Microblaze/XC7A100T_Microblaze.gen/sources_1/bd/microblaze/ipshared/a1a7/hdl/axi_crossbar_v2_1_vl_rfs.v:2051]
WARNING: [Synth 8-6014] Unused sequential element gen_debug_trans_seq.debug_ar_trans_seq_i_reg was removed.  [/home/ck/Desktop/Workspace/FPGA_Workspace/VIVADO_PROJECTS/XC7A100T_Microblaze/XC7A100T_Microblaze.gen/sources_1/bd/microblaze/ipshared/a1a7/hdl/axi_crossbar_v2_1_vl_rfs.v:2062]
WARNING: [Synth 8-6014] Unused sequential element gen_debug_trans_seq.debug_w_beat_cnt_i_reg was removed.  [/home/ck/Desktop/Workspace/FPGA_Workspace/VIVADO_PROJECTS/XC7A100T_Microblaze/XC7A100T_Microblaze.gen/sources_1/bd/microblaze/ipshared/a1a7/hdl/axi_crossbar_v2_1_vl_rfs.v:2073]
WARNING: [Synth 8-6014] Unused sequential element gen_debug_trans_seq.debug_r_beat_cnt_i_reg was removed.  [/home/ck/Desktop/Workspace/FPGA_Workspace/VIVADO_PROJECTS/XC7A100T_Microblaze/XC7A100T_Microblaze.gen/sources_1/bd/microblaze/ipshared/a1a7/hdl/axi_crossbar_v2_1_vl_rfs.v:2086]
WARNING: [Synth 8-7129] Port S_AXI_AWID[0] in module axi_crossbar_v2_1_37_decerr_slave is either unconnected or has no load
WARNING: [Synth 8-7129] Port S_AXI_WLAST in module axi_crossbar_v2_1_37_decerr_slave is either unconnected or has no load
WARNING: [Synth 8-7129] Port S_AXI_ARID[0] in module axi_crossbar_v2_1_37_decerr_slave is either unconnected or has no load
WARNING: [Synth 8-7129] Port S_AXI_ARLEN[7] in module axi_crossbar_v2_1_37_decerr_slave is either unconnected or has no load
WARNING: [Synth 8-7129] Port S_AXI_ARLEN[6] in module axi_crossbar_v2_1_37_decerr_slave is either unconnected or has no load
WARNING: [Synth 8-7129] Port S_AXI_ARLEN[5] in module axi_crossbar_v2_1_37_decerr_slave is either unconnected or has no load
WARNING: [Synth 8-7129] Port S_AXI_ARLEN[4] in module axi_crossbar_v2_1_37_decerr_slave is either unconnected or has no load
WARNING: [Synth 8-7129] Port S_AXI_ARLEN[3] in module axi_crossbar_v2_1_37_decerr_slave is either unconnected or has no load
WARNING: [Synth 8-7129] Port S_AXI_ARLEN[2] in module axi_crossbar_v2_1_37_decerr_slave is either unconnected or has no load
WARNING: [Synth 8-7129] Port S_AXI_ARLEN[1] in module axi_crossbar_v2_1_37_decerr_slave is either unconnected or has no load
WARNING: [Synth 8-7129] Port S_AXI_ARLEN[0] in module axi_crossbar_v2_1_37_decerr_slave is either unconnected or has no load
WARNING: [Synth 8-7129] Port ADDR[1] in module axi_crossbar_v2_1_37_addr_decoder is either unconnected or has no load
WARNING: [Synth 8-7129] Port ADDR[0] in module axi_crossbar_v2_1_37_addr_decoder is either unconnected or has no load
WARNING: [Synth 8-7129] Port S_AXI_AWID[1] in module axi_crossbar_v2_1_37_crossbar_sasd is either unconnected or has no load
WARNING: [Synth 8-7129] Port S_AXI_AWID[0] in module axi_crossbar_v2_1_37_crossbar_sasd is either unconnected or has no load
WARNING: [Synth 8-7129] Port S_AXI_WID[1] in module axi_crossbar_v2_1_37_crossbar_sasd is either unconnected or has no load
WARNING: [Synth 8-7129] Port S_AXI_WID[0] in module axi_crossbar_v2_1_37_crossbar_sasd is either unconnected or has no load
WARNING: [Synth 8-7129] Port S_AXI_ARID[1] in module axi_crossbar_v2_1_37_crossbar_sasd is either unconnected or has no load
WARNING: [Synth 8-7129] Port S_AXI_ARID[0] in module axi_crossbar_v2_1_37_crossbar_sasd is either unconnected or has no load
WARNING: [Synth 8-7129] Port M_AXI_BID[4] in module axi_crossbar_v2_1_37_crossbar_sasd is either unconnected or has no load
WARNING: [Synth 8-7129] Port M_AXI_BID[3] in module axi_crossbar_v2_1_37_crossbar_sasd is either unconnected or has no load
WARNING: [Synth 8-7129] Port M_AXI_BID[2] in module axi_crossbar_v2_1_37_crossbar_sasd is either unconnected or has no load
WARNING: [Synth 8-7129] Port M_AXI_BID[1] in module axi_crossbar_v2_1_37_crossbar_sasd is either unconnected or has no load
WARNING: [Synth 8-7129] Port M_AXI_BID[0] in module axi_crossbar_v2_1_37_crossbar_sasd is either unconnected or has no load
WARNING: [Synth 8-7129] Port M_AXI_RID[4] in module axi_crossbar_v2_1_37_crossbar_sasd is either unconnected or has no load
WARNING: [Synth 8-7129] Port M_AXI_RID[3] in module axi_crossbar_v2_1_37_crossbar_sasd is either unconnected or has no load
WARNING: [Synth 8-7129] Port M_AXI_RID[2] in module axi_crossbar_v2_1_37_crossbar_sasd is either unconnected or has no load
WARNING: [Synth 8-7129] Port M_AXI_RID[1] in module axi_crossbar_v2_1_37_crossbar_sasd is either unconnected or has no load
WARNING: [Synth 8-7129] Port M_AXI_RID[0] in module axi_crossbar_v2_1_37_crossbar_sasd is either unconnected or has no load
WARNING: [Synth 8-7129] Port s_axi_awid[1] in module axi_crossbar_v2_1_37_axi_crossbar is either unconnected or has no load
WARNING: [Synth 8-7129] Port s_axi_awid[0] in module axi_crossbar_v2_1_37_axi_crossbar is either unconnected or has no load
WARNING: [Synth 8-7129] Port s_axi_awaddr[63] in module axi_crossbar_v2_1_37_axi_crossbar is either unconnected or has no load
WARNING: [Synth 8-7129] Port s_axi_awaddr[62] in module axi_crossbar_v2_1_37_axi_crossbar is either unconnected or has no load
WARNING: [Synth 8-7129] Port s_axi_awaddr[61] in module axi_crossbar_v2_1_37_axi_crossbar is either unconnected or has no load
WARNING: [Synth 8-7129] Port s_axi_awaddr[60] in module axi_crossbar_v2_1_37_axi_crossbar is either unconnected or has no load
WARNING: [Synth 8-7129] Port s_axi_awaddr[59] in module axi_crossbar_v2_1_37_axi_crossbar is either unconnected or has no load
WARNING: [Synth 8-7129] Port s_axi_awaddr[58] in module axi_crossbar_v2_1_37_axi_crossbar is either unconnected or has no load
WARNING: [Synth 8-7129] Port s_axi_awaddr[57] in module axi_crossbar_v2_1_37_axi_crossbar is either unconnected or has no load
WARNING: [Synth 8-7129] Port s_axi_awaddr[56] in module axi_crossbar_v2_1_37_axi_crossbar is either unconnected or has no load
WARNING: [Synth 8-7129] Port s_axi_awaddr[55] in module axi_crossbar_v2_1_37_axi_crossbar is either unconnected or has no load
WARNING: [Synth 8-7129] Port s_axi_awaddr[54] in module axi_crossbar_v2_1_37_axi_crossbar is either unconnected or has no load
WARNING: [Synth 8-7129] Port s_axi_awaddr[53] in module axi_crossbar_v2_1_37_axi_crossbar is either unconnected or has no load
WARNING: [Synth 8-7129] Port s_axi_awaddr[52] in module axi_crossbar_v2_1_37_axi_crossbar is either unconnected or has no load
WARNING: [Synth 8-7129] Port s_axi_awaddr[51] in module axi_crossbar_v2_1_37_axi_crossbar is either unconnected or has no load
WARNING: [Synth 8-7129] Port s_axi_awaddr[50] in module axi_crossbar_v2_1_37_axi_crossbar is either unconnected or has no load
WARNING: [Synth 8-7129] Port s_axi_awaddr[49] in module axi_crossbar_v2_1_37_axi_crossbar is either unconnected or has no load
WARNING: [Synth 8-7129] Port s_axi_awaddr[48] in module axi_crossbar_v2_1_37_axi_crossbar is either unconnected or has no load
WARNING: [Synth 8-7129] Port s_axi_awaddr[47] in module axi_crossbar_v2_1_37_axi_crossbar is either unconnected or has no load
WARNING: [Synth 8-7129] Port s_axi_awaddr[46] in module axi_crossbar_v2_1_37_axi_crossbar is either unconnected or has no load
WARNING: [Synth 8-7129] Port s_axi_awaddr[45] in module axi_crossbar_v2_1_37_axi_crossbar is either unconnected or has no load
WARNING: [Synth 8-7129] Port s_axi_awaddr[44] in module axi_crossbar_v2_1_37_axi_crossbar is either unconnected or has no load
WARNING: [Synth 8-7129] Port s_axi_awaddr[43] in module axi_crossbar_v2_1_37_axi_crossbar is either unconnected or has no load
WARNING: [Synth 8-7129] Port s_axi_awaddr[42] in module axi_crossbar_v2_1_37_axi_crossbar is either unconnected or has no load
WARNING: [Synth 8-7129] Port s_axi_awaddr[41] in module axi_crossbar_v2_1_37_axi_crossbar is either unconnected or has no load
WARNING: [Synth 8-7129] Port s_axi_awaddr[40] in module axi_crossbar_v2_1_37_axi_crossbar is either unconnected or has no load
WARNING: [Synth 8-7129] Port s_axi_awaddr[39] in module axi_crossbar_v2_1_37_axi_crossbar is either unconnected or has no load
WARNING: [Synth 8-7129] Port s_axi_awaddr[38] in module axi_crossbar_v2_1_37_axi_crossbar is either unconnected or has no load
WARNING: [Synth 8-7129] Port s_axi_awaddr[37] in module axi_crossbar_v2_1_37_axi_crossbar is either unconnected or has no load
WARNING: [Synth 8-7129] Port s_axi_awaddr[36] in module axi_crossbar_v2_1_37_axi_crossbar is either unconnected or has no load
WARNING: [Synth 8-7129] Port s_axi_awaddr[35] in module axi_crossbar_v2_1_37_axi_crossbar is either unconnected or has no load
WARNING: [Synth 8-7129] Port s_axi_awaddr[34] in module axi_crossbar_v2_1_37_axi_crossbar is either unconnected or has no load
WARNING: [Synth 8-7129] Port s_axi_awaddr[33] in module axi_crossbar_v2_1_37_axi_crossbar is either unconnected or has no load
WARNING: [Synth 8-7129] Port s_axi_awaddr[32] in module axi_crossbar_v2_1_37_axi_crossbar is either unconnected or has no load
WARNING: [Synth 8-7129] Port s_axi_awlen[15] in module axi_crossbar_v2_1_37_axi_crossbar is either unconnected or has no load
WARNING: [Synth 8-7129] Port s_axi_awlen[14] in module axi_crossbar_v2_1_37_axi_crossbar is either unconnected or has no load
WARNING: [Synth 8-7129] Port s_axi_awlen[13] in module axi_crossbar_v2_1_37_axi_crossbar is either unconnected or has no load
WARNING: [Synth 8-7129] Port s_axi_awlen[12] in module axi_crossbar_v2_1_37_axi_crossbar is either unconnected or has no load
WARNING: [Synth 8-7129] Port s_axi_awlen[11] in module axi_crossbar_v2_1_37_axi_crossbar is either unconnected or has no load
WARNING: [Synth 8-7129] Port s_axi_awlen[10] in module axi_crossbar_v2_1_37_axi_crossbar is either unconnected or has no load
WARNING: [Synth 8-7129] Port s_axi_awlen[9] in module axi_crossbar_v2_1_37_axi_crossbar is either unconnected or has no load
WARNING: [Synth 8-7129] Port s_axi_awlen[8] in module axi_crossbar_v2_1_37_axi_crossbar is either unconnected or has no load
WARNING: [Synth 8-7129] Port s_axi_awlen[7] in module axi_crossbar_v2_1_37_axi_crossbar is either unconnected or has no load
WARNING: [Synth 8-7129] Port s_axi_awlen[6] in module axi_crossbar_v2_1_37_axi_crossbar is either unconnected or has no load
WARNING: [Synth 8-7129] Port s_axi_awlen[5] in module axi_crossbar_v2_1_37_axi_crossbar is either unconnected or has no load
WARNING: [Synth 8-7129] Port s_axi_awlen[4] in module axi_crossbar_v2_1_37_axi_crossbar is either unconnected or has no load
WARNING: [Synth 8-7129] Port s_axi_awlen[3] in module axi_crossbar_v2_1_37_axi_crossbar is either unconnected or has no load
WARNING: [Synth 8-7129] Port s_axi_awlen[2] in module axi_crossbar_v2_1_37_axi_crossbar is either unconnected or has no load
WARNING: [Synth 8-7129] Port s_axi_awlen[1] in module axi_crossbar_v2_1_37_axi_crossbar is either unconnected or has no load
WARNING: [Synth 8-7129] Port s_axi_awlen[0] in module axi_crossbar_v2_1_37_axi_crossbar is either unconnected or has no load
WARNING: [Synth 8-7129] Port s_axi_awsize[5] in module axi_crossbar_v2_1_37_axi_crossbar is either unconnected or has no load
WARNING: [Synth 8-7129] Port s_axi_awsize[4] in module axi_crossbar_v2_1_37_axi_crossbar is either unconnected or has no load
WARNING: [Synth 8-7129] Port s_axi_awsize[3] in module axi_crossbar_v2_1_37_axi_crossbar is either unconnected or has no load
WARNING: [Synth 8-7129] Port s_axi_awsize[2] in module axi_crossbar_v2_1_37_axi_crossbar is either unconnected or has no load
WARNING: [Synth 8-7129] Port s_axi_awsize[1] in module axi_crossbar_v2_1_37_axi_crossbar is either unconnected or has no load
WARNING: [Synth 8-7129] Port s_axi_awsize[0] in module axi_crossbar_v2_1_37_axi_crossbar is either unconnected or has no load
WARNING: [Synth 8-7129] Port s_axi_awburst[3] in module axi_crossbar_v2_1_37_axi_crossbar is either unconnected or has no load
WARNING: [Synth 8-7129] Port s_axi_awburst[2] in module axi_crossbar_v2_1_37_axi_crossbar is either unconnected or has no load
WARNING: [Synth 8-7129] Port s_axi_awburst[1] in module axi_crossbar_v2_1_37_axi_crossbar is either unconnected or has no load
WARNING: [Synth 8-7129] Port s_axi_awburst[0] in module axi_crossbar_v2_1_37_axi_crossbar is either unconnected or has no load
WARNING: [Synth 8-7129] Port s_axi_awlock[1] in module axi_crossbar_v2_1_37_axi_crossbar is either unconnected or has no load
WARNING: [Synth 8-7129] Port s_axi_awlock[0] in module axi_crossbar_v2_1_37_axi_crossbar is either unconnected or has no load
WARNING: [Synth 8-7129] Port s_axi_awcache[7] in module axi_crossbar_v2_1_37_axi_crossbar is either unconnected or has no load
WARNING: [Synth 8-7129] Port s_axi_awcache[6] in module axi_crossbar_v2_1_37_axi_crossbar is either unconnected or has no load
WARNING: [Synth 8-7129] Port s_axi_awcache[5] in module axi_crossbar_v2_1_37_axi_crossbar is either unconnected or has no load
WARNING: [Synth 8-7129] Port s_axi_awcache[4] in module axi_crossbar_v2_1_37_axi_crossbar is either unconnected or has no load
WARNING: [Synth 8-7129] Port s_axi_awcache[3] in module axi_crossbar_v2_1_37_axi_crossbar is either unconnected or has no load
WARNING: [Synth 8-7129] Port s_axi_awcache[2] in module axi_crossbar_v2_1_37_axi_crossbar is either unconnected or has no load
WARNING: [Synth 8-7129] Port s_axi_awcache[1] in module axi_crossbar_v2_1_37_axi_crossbar is either unconnected or has no load
WARNING: [Synth 8-7129] Port s_axi_awcache[0] in module axi_crossbar_v2_1_37_axi_crossbar is either unconnected or has no load
WARNING: [Synth 8-7129] Port s_axi_awprot[5] in module axi_crossbar_v2_1_37_axi_crossbar is either unconnected or has no load
INFO: [Common 17-14] Message 'Synth 8-7129' appears 100 times and further instances of the messages will be disabled. Use the Tcl command set_msg_config to change the current settings.
---------------------------------------------------------------------------------
Finished RTL Elaboration : Time (s): cpu = 00:00:04 ; elapsed = 00:00:04 . Memory (MB): peak = 2578.281 ; gain = 371.625 ; free physical = 45665 ; free virtual = 58535
---------------------------------------------------------------------------------
---------------------------------------------------------------------------------
Start Handling Custom Attributes
---------------------------------------------------------------------------------
---------------------------------------------------------------------------------
Finished Handling Custom Attributes : Time (s): cpu = 00:00:04 ; elapsed = 00:00:04 . Memory (MB): peak = 2578.281 ; gain = 371.625 ; free physical = 45665 ; free virtual = 58535
---------------------------------------------------------------------------------
---------------------------------------------------------------------------------
Finished RTL Optimization Phase 1 : Time (s): cpu = 00:00:04 ; elapsed = 00:00:04 . Memory (MB): peak = 2578.281 ; gain = 371.625 ; free physical = 45665 ; free virtual = 58535
---------------------------------------------------------------------------------
Netlist sorting complete. Time (s): cpu = 00:00:00.01 ; elapsed = 00:00:00.01 . Memory (MB): peak = 2578.281 ; gain = 0.000 ; free physical = 45665 ; free virtual = 58535
INFO: [Project 1-570] Preparing netlist for logic optimization

Processing XDC Constraints
Initializing timing engine
Parsing XDC File [/home/ck/Desktop/Workspace/FPGA_Workspace/VIVADO_PROJECTS/XC7A100T_Microblaze/XC7A100T_Microblaze.gen/sources_1/bd/microblaze/ip/microblaze_microblaze_0_axi_periph_imp_xbar_2/microblaze_microblaze_0_axi_periph_imp_xbar_2_ooc.xdc] for cell 'inst'
Finished Parsing XDC File [/home/ck/Desktop/Workspace/FPGA_Workspace/VIVADO_PROJECTS/XC7A100T_Microblaze/XC7A100T_Microblaze.gen/sources_1/bd/microblaze/ip/microblaze_microblaze_0_axi_periph_imp_xbar_2/microblaze_microblaze_0_axi_periph_imp_xbar_2_ooc.xdc] for cell 'inst'
Parsing XDC File [/home/ck/Desktop/Workspace/FPGA_Workspace/VIVADO_PROJECTS/XC7A100T_Microblaze/XC7A100T_Microblaze.runs/microblaze_microblaze_0_axi_periph_imp_xbar_2_synth_1/dont_touch.xdc]
Finished Parsing XDC File [/home/ck/Desktop/Workspace/FPGA_Workspace/VIVADO_PROJECTS/XC7A100T_Microblaze/XC7A100T_Microblaze.runs/microblaze_microblaze_0_axi_periph_imp_xbar_2_synth_1/dont_touch.xdc]
Completed Processing XDC Constraints

Netlist sorting complete. Time (s): cpu = 00:00:00 ; elapsed = 00:00:00 . Memory (MB): peak = 2649.746 ; gain = 0.000 ; free physical = 45673 ; free virtual = 58543
INFO: [Project 1-111] Unisim Transformation Summary:
No Unisim elements were transformed.

Constraint Validation Runtime : Time (s): cpu = 00:00:00.02 ; elapsed = 00:00:00.02 . Memory (MB): peak = 2649.781 ; gain = 0.000 ; free physical = 45673 ; free virtual = 58543
INFO: [Designutils 20-5008] Incremental synthesis strategy off
---------------------------------------------------------------------------------
Finished Constraint Validation : Time (s): cpu = 00:00:07 ; elapsed = 00:00:07 . Memory (MB): peak = 2649.781 ; gain = 443.125 ; free physical = 45679 ; free virtual = 58552
---------------------------------------------------------------------------------
---------------------------------------------------------------------------------
Start Loading Part and Timing Information
---------------------------------------------------------------------------------
Loading part: xc7a100tcsg324-1
---------------------------------------------------------------------------------
Finished Loading Part and Timing Information : Time (s): cpu = 00:00:07 ; elapsed = 00:00:07 . Memory (MB): peak = 2657.750 ; gain = 451.094 ; free physical = 45679 ; free virtual = 58552
---------------------------------------------------------------------------------
---------------------------------------------------------------------------------
Start Applying 'set_property' XDC Constraints
---------------------------------------------------------------------------------
---------------------------------------------------------------------------------
Finished applying 'set_property' XDC Constraints : Time (s): cpu = 00:00:07 ; elapsed = 00:00:07 . Memory (MB): peak = 2657.750 ; gain = 451.094 ; free physical = 45679 ; free virtual = 58552
---------------------------------------------------------------------------------
---------------------------------------------------------------------------------
Finished RTL Optimization Phase 2 : Time (s): cpu = 00:00:07 ; elapsed = 00:00:07 . Memory (MB): peak = 2657.750 ; gain = 451.094 ; free physical = 45679 ; free virtual = 58553
---------------------------------------------------------------------------------
---------------------------------------------------------------------------------
Start RTL Component Statistics 
---------------------------------------------------------------------------------
Detailed RTL Component Info : 
+---Registers : 
	               64 Bit    Registers := 1     
	               36 Bit    Registers := 2     
	                6 Bit    Registers := 1     
	                3 Bit    Registers := 2     
	                2 Bit    Registers := 7     
	                1 Bit    Registers := 11    
+---Muxes : 
	   2 Input   64 Bit        Muxes := 2     
	   2 Input   36 Bit        Muxes := 2     
	   2 Input    6 Bit        Muxes := 1     
	   2 Input    5 Bit        Muxes := 1     
	   2 Input    3 Bit        Muxes := 2     
	   2 Input    1 Bit        Muxes := 52    
---------------------------------------------------------------------------------
Finished RTL Component Statistics 
---------------------------------------------------------------------------------
---------------------------------------------------------------------------------
Start Part Resource Summary
---------------------------------------------------------------------------------
Part Resources:
DSPs: 240 (col length:80)
BRAMs: 270 (col length: RAMB18 80 RAMB36 40)
---------------------------------------------------------------------------------
Finished Part Resource Summary
---------------------------------------------------------------------------------
---------------------------------------------------------------------------------
Start Cross Boundary and Area Optimization
---------------------------------------------------------------------------------
WARNING: [Synth 8-7080] Parallel synthesis criteria is not met
INFO: [Synth 8-3936] Found unconnected internal register 'gen_sasd.crossbar_sasd_0/reg_slice_r/m_payload_i_reg' and it is trimmed from '36' to '35' bits. [/home/ck/Desktop/Workspace/FPGA_Workspace/VIVADO_PROJECTS/XC7A100T_Microblaze/XC7A100T_Microblaze.gen/sources_1/bd/microblaze/ipshared/c5b7/hdl/axi_register_slice_v2_1_vl_rfs.v:1726]
---------------------------------------------------------------------------------
Finished Cross Boundary and Area Optimization : Time (s): cpu = 00:00:08 ; elapsed = 00:00:08 . Memory (MB): peak = 2657.750 ; gain = 451.094 ; free physical = 45679 ; free virtual = 58560
---------------------------------------------------------------------------------
---------------------------------------------------------------------------------
Start Applying XDC Timing Constraints
---------------------------------------------------------------------------------
---------------------------------------------------------------------------------
Finished Applying XDC Timing Constraints : Time (s): cpu = 00:00:10 ; elapsed = 00:00:10 . Memory (MB): peak = 2665.750 ; gain = 459.094 ; free physical = 45562 ; free virtual = 58443
---------------------------------------------------------------------------------
---------------------------------------------------------------------------------
Start Timing Optimization
---------------------------------------------------------------------------------
---------------------------------------------------------------------------------
Finished Timing Optimization : Time (s): cpu = 00:00:10 ; elapsed = 00:00:11 . Memory (MB): peak = 2687.766 ; gain = 481.109 ; free physical = 45499 ; free virtual = 58380
---------------------------------------------------------------------------------
---------------------------------------------------------------------------------
Start Technology Mapping
---------------------------------------------------------------------------------
---------------------------------------------------------------------------------
Finished Technology Mapping : Time (s): cpu = 00:00:10 ; elapsed = 00:00:11 . Memory (MB): peak = 2703.781 ; gain = 497.125 ; free physical = 45475 ; free virtual = 58356
---------------------------------------------------------------------------------
---------------------------------------------------------------------------------
Start IO Insertion
---------------------------------------------------------------------------------
---------------------------------------------------------------------------------
Start Flattening Before IO Insertion
---------------------------------------------------------------------------------
---------------------------------------------------------------------------------
Finished Flattening Before IO Insertion
---------------------------------------------------------------------------------
---------------------------------------------------------------------------------
Start Final Netlist Cleanup
---------------------------------------------------------------------------------
---------------------------------------------------------------------------------
Finished Final Netlist Cleanup
---------------------------------------------------------------------------------
---------------------------------------------------------------------------------
Finished IO Insertion : Time (s): cpu = 00:00:12 ; elapsed = 00:00:12 . Memory (MB): peak = 2846.594 ; gain = 639.938 ; free physical = 45466 ; free virtual = 58350
---------------------------------------------------------------------------------
---------------------------------------------------------------------------------
Start Renaming Generated Instances
---------------------------------------------------------------------------------
---------------------------------------------------------------------------------
Finished Renaming Generated Instances : Time (s): cpu = 00:00:12 ; elapsed = 00:00:12 . Memory (MB): peak = 2846.594 ; gain = 639.938 ; free physical = 45465 ; free virtual = 58348
---------------------------------------------------------------------------------
---------------------------------------------------------------------------------
Start Rebuilding User Hierarchy
---------------------------------------------------------------------------------
---------------------------------------------------------------------------------
Finished Rebuilding User Hierarchy : Time (s): cpu = 00:00:12 ; elapsed = 00:00:12 . Memory (MB): peak = 2846.594 ; gain = 639.938 ; free physical = 45462 ; free virtual = 58346
---------------------------------------------------------------------------------
---------------------------------------------------------------------------------
Start Renaming Generated Ports
---------------------------------------------------------------------------------
---------------------------------------------------------------------------------
Finished Renaming Generated Ports : Time (s): cpu = 00:00:12 ; elapsed = 00:00:12 . Memory (MB): peak = 2846.594 ; gain = 639.938 ; free physical = 45462 ; free virtual = 58346
---------------------------------------------------------------------------------
---------------------------------------------------------------------------------
Start Handling Custom Attributes
---------------------------------------------------------------------------------
---------------------------------------------------------------------------------
Finished Handling Custom Attributes : Time (s): cpu = 00:00:12 ; elapsed = 00:00:12 . Memory (MB): peak = 2846.594 ; gain = 639.938 ; free physical = 45462 ; free virtual = 58345
---------------------------------------------------------------------------------
---------------------------------------------------------------------------------
Start Renaming Generated Nets
---------------------------------------------------------------------------------
---------------------------------------------------------------------------------
Finished Renaming Generated Nets : Time (s): cpu = 00:00:12 ; elapsed = 00:00:12 . Memory (MB): peak = 2846.594 ; gain = 639.938 ; free physical = 45461 ; free virtual = 58344
---------------------------------------------------------------------------------
---------------------------------------------------------------------------------
Start Writing Synthesis Report
---------------------------------------------------------------------------------

Report BlackBoxes: 
+-+--------------+----------+
| |BlackBox name |Instances |
+-+--------------+----------+
+-+--------------+----------+

Report Cell Usage: 
+------+-----+------+
|      |Cell |Count |
+------+-----+------+
|1     |LUT1 |     1|
|2     |LUT2 |    51|
|3     |LUT3 |    47|
|4     |LUT4 |    18|
|5     |LUT5 |    35|
|6     |LUT6 |   147|
|7     |FDRE |   139|
|8     |FDSE |     1|
+------+-----+------+
---------------------------------------------------------------------------------
Finished Writing Synthesis Report : Time (s): cpu = 00:00:12 ; elapsed = 00:00:12 . Memory (MB): peak = 2846.594 ; gain = 639.938 ; free physical = 45458 ; free virtual = 58342
---------------------------------------------------------------------------------
Synthesis finished with 0 errors, 0 critical warnings and 202 warnings.
Synthesis Optimization Runtime : Time (s): cpu = 00:00:11 ; elapsed = 00:00:11 . Memory (MB): peak = 2846.594 ; gain = 568.438 ; free physical = 45456 ; free virtual = 58340
Synthesis Optimization Complete : Time (s): cpu = 00:00:12 ; elapsed = 00:00:12 . Memory (MB): peak = 2846.602 ; gain = 639.938 ; free physical = 45456 ; free virtual = 58340
INFO: [Project 1-571] Translating synthesized netlist
Netlist sorting complete. Time (s): cpu = 00:00:00 ; elapsed = 00:00:00.01 . Memory (MB): peak = 2846.602 ; gain = 0.000 ; free physical = 45614 ; free virtual = 58500
INFO: [Project 1-570] Preparing netlist for logic optimization
INFO: [Opt 31-138] Pushed 0 inverter(s) to 0 load pin(s).
Netlist sorting complete. Time (s): cpu = 00:00:00 ; elapsed = 00:00:00 . Memory (MB): peak = 2902.621 ; gain = 0.000 ; free physical = 45623 ; free virtual = 58506
INFO: [Project 1-111] Unisim Transformation Summary:
No Unisim elements were transformed.

Synth Design complete | Checksum: 2ad01c6
INFO: [Common 17-83] Releasing license: Synthesis
57 Infos, 115 Warnings, 0 Critical Warnings and 0 Errors encountered.
synth_design completed successfully
synth_design: Time (s): cpu = 00:00:15 ; elapsed = 00:00:14 . Memory (MB): peak = 2902.656 ; gain = 1050.336 ; free physical = 45623 ; free virtual = 58506
INFO: [Common 17-2834] synth_design peak Physical Memory [PSS] (MB): overall = 1933.768; main = 1933.768; forked = 231.165
INFO: [Common 17-2834] synth_design peak Virtual Memory [VSS] (MB): overall = 3622.512; main = 2902.625; forked = 964.758
Write ShapeDB Complete: Time (s): cpu = 00:00:00 ; elapsed = 00:00:00 . Memory (MB): peak = 2926.633 ; gain = 0.000 ; free physical = 45623 ; free virtual = 58506
INFO: [Common 17-1381] The checkpoint '/home/ck/Desktop/Workspace/FPGA_Workspace/VIVADO_PROJECTS/XC7A100T_Microblaze/XC7A100T_Microblaze.runs/microblaze_microblaze_0_axi_periph_imp_xbar_2_synth_1/microblaze_microblaze_0_axi_periph_imp_xbar_2.dcp' has been generated.
INFO: [Coretcl 2-1648] Added synthesis output to IP cache for IP microblaze_microblaze_0_axi_periph_imp_xbar_2, cache-ID = 9618be7ca74b5940
INFO: [Coretcl 2-1174] Renamed 7 cell refs.
Write ShapeDB Complete: Time (s): cpu = 00:00:00 ; elapsed = 00:00:00 . Memory (MB): peak = 2926.633 ; gain = 0.000 ; free physical = 45618 ; free virtual = 58502
INFO: [Common 17-1381] The checkpoint '/home/ck/Desktop/Workspace/FPGA_Workspace/VIVADO_PROJECTS/XC7A100T_Microblaze/XC7A100T_Microblaze.runs/microblaze_microblaze_0_axi_periph_imp_xbar_2_synth_1/microblaze_microblaze_0_axi_periph_imp_xbar_2.dcp' has been generated.
INFO: [Vivado 12-24828] Executing command : report_utilization -file microblaze_microblaze_0_axi_periph_imp_xbar_2_utilization_synth.rpt -pb microblaze_microblaze_0_axi_periph_imp_xbar_2_utilization_synth.pb
INFO: [Common 17-206] Exiting Vivado at Sun Jul 20 11:58:10 2025...
